{"C:\\Projects\\vizora\\vizora\\middleware\\src\\main.ts": {"path":"C:\\Projects\\vizora\\vizora\\middleware\\src\\main.ts","statementMap":{"0":{"start":{"line":6,"column":0},"end":{"line":6,"column":23}},"1":{"start":{"line":7,"column":0},"end":{"line":7,"column":56}},"2":{"start":{"line":8,"column":0},"end":{"line":8,"column":43}},"3":{"start":{"line":9,"column":0},"end":{"line":9,"column":28}},"4":{"start":{"line":10,"column":0},"end":{"line":10,"column":45}},"5":{"start":{"line":11,"column":0},"end":{"line":11,"column":89}},"6":{"start":{"line":14,"column":14},"end":{"line":14,"column":49}},"7":{"start":{"line":17,"column":2},"end":{"line":20,"column":6}},"8":{"start":{"line":23,"column":22},"end":{"line":23,"column":82}},"9":{"start":{"line":23,"column":67},"end":{"line":23,"column":75}},"10":{"start":{"line":24,"column":2},"end":{"line":31,"column":5}},"11":{"start":{"line":34,"column":2},"end":{"line":45,"column":4}},"12":{"start":{"line":48,"column":2},"end":{"line":48,"column":55}},"13":{"start":{"line":50,"column":23},"end":{"line":50,"column":28}},"14":{"start":{"line":51,"column":2},"end":{"line":51,"column":36}},"15":{"start":{"line":54,"column":2},"end":{"line":54,"column":28}},"16":{"start":{"line":56,"column":15},"end":{"line":56,"column":39}},"17":{"start":{"line":57,"column":2},"end":{"line":57,"column":25}},"18":{"start":{"line":59,"column":2},"end":{"line":61,"column":4}},"19":{"start":{"line":62,"column":2},"end":{"line":62,"column":70}},"20":{"start":{"line":65,"column":0},"end":{"line":65,"column":12}}},"fnMap":{"0":{"name":"bootstrap","decl":{"start":{"line":13,"column":15},"end":{"line":13,"column":24}},"loc":{"start":{"line":13,"column":24},"end":{"line":63,"column":1}}},"1":{"name":"(anonymous_1)","decl":{"start":{"line":23,"column":62},"end":{"line":23,"column":63}},"loc":{"start":{"line":23,"column":67},"end":{"line":23,"column":75}}}},"branchMap":{"0":{"loc":{"start":{"line":23,"column":22},"end":{"line":23,"column":82}},"type":"binary-expr","locations":[{"start":{"line":23,"column":22},"end":{"line":23,"column":76}},{"start":{"line":23,"column":80},"end":{"line":23,"column":82}}]},"1":{"loc":{"start":{"line":25,"column":12},"end":{"line":27,"column":12}},"type":"cond-expr","locations":[{"start":{"line":26,"column":8},"end":{"line":26,"column":19}},{"start":{"line":27,"column":8},"end":{"line":27,"column":12}}]},"2":{"loc":{"start":{"line":56,"column":15},"end":{"line":56,"column":39}},"type":"binary-expr","locations":[{"start":{"line":56,"column":15},"end":{"line":56,"column":31}},{"start":{"line":56,"column":35},"end":{"line":56,"column":39}}]},"3":{"loc":{"start":{"line":62,"column":29},"end":{"line":62,"column":66}},"type":"binary-expr","locations":[{"start":{"line":62,"column":29},"end":{"line":62,"column":49}},{"start":{"line":62,"column":53},"end":{"line":62,"column":66}}]}},"s":{"0":0,"1":0,"2":0,"3":0,"4":0,"5":0,"6":0,"7":0,"8":0,"9":0,"10":0,"11":0,"12":0,"13":0,"14":0,"15":0,"16":0,"17":0,"18":0,"19":0,"20":0},"f":{"0":0,"1":0},"b":{"0":[0,0],"1":[0,0],"2":[0,0],"3":[0,0]}}
,"C:\\Projects\\vizora\\vizora\\middleware\\src\\app\\app.controller.ts": {"path":"C:\\Projects\\vizora\\vizora\\middleware\\src\\app\\app.controller.ts","statementMap":{"0":{"start":{"line":1,"column":0},"end":{"line":1,"column":49}},"1":{"start":{"line":2,"column":0},"end":{"line":2,"column":49}},"2":{"start":{"line":3,"column":0},"end":{"line":3,"column":43}},"3":{"start":{"line":4,"column":0},"end":{"line":4,"column":69}},"4":{"start":{"line":5,"column":0},"end":{"line":5,"column":71}},"5":{"start":{"line":8,"column":7},"end":{"line":54,"column":null}},"6":{"start":{"line":10,"column":21},"end":{"line":10,"column":33}},"7":{"start":{"line":11,"column":21},"end":{"line":11,"column":38}},"8":{"start":{"line":16,"column":4},"end":{"line":16,"column":37}},"9":{"start":{"line":23,"column":4},"end":{"line":39,"column":5}},"10":{"start":{"line":25,"column":6},"end":{"line":25,"column":53}},"11":{"start":{"line":26,"column":6},"end":{"line":31,"column":8}},"12":{"start":{"line":33,"column":6},"end":{"line":38,"column":8}},"13":{"start":{"line":47,"column":4},"end":{"line":52,"column":5}},"14":{"start":{"line":48,"column":6},"end":{"line":48,"column":53}},"15":{"start":{"line":49,"column":6},"end":{"line":49,"column":29}},"16":{"start":{"line":51,"column":6},"end":{"line":51,"column":30}},"17":{"start":{"line":8,"column":13},"end":{"line":8,"column":26}},"18":{"start":{"line":15,"column":2},"end":{"line":17,"column":null}},"19":{"start":{"line":22,"column":8},"end":{"line":40,"column":null}},"20":{"start":{"line":45,"column":8},"end":{"line":53,"column":null}},"21":{"start":{"line":8,"column":13},"end":{"line":54,"column":null}}},"fnMap":{"0":{"name":"(anonymous_0)","decl":{"start":{"line":9,"column":2},"end":{"line":9,"column":null}},"loc":{"start":{"line":11,"column":53},"end":{"line":12,"column":6}}},"1":{"name":"(anonymous_1)","decl":{"start":{"line":15,"column":2},"end":{"line":15,"column":9}},"loc":{"start":{"line":15,"column":9},"end":{"line":17,"column":3}}},"2":{"name":"(anonymous_2)","decl":{"start":{"line":22,"column":8},"end":{"line":22,"column":14}},"loc":{"start":{"line":22,"column":14},"end":{"line":40,"column":3}}},"3":{"name":"(anonymous_3)","decl":{"start":{"line":45,"column":8},"end":{"line":45,"column":13}},"loc":{"start":{"line":45,"column":13},"end":{"line":53,"column":3}}}},"branchMap":{"0":{"loc":{"start":{"line":10,"column":33},"end":{"line":10,"column":null}},"type":"cond-expr","locations":[{"start":{"line":10,"column":43},"end":{"line":10,"column":null}},{"start":{"line":10,"column":43},"end":{"line":10,"column":null}}]},"1":{"loc":{"start":{"line":10,"column":33},"end":{"line":10,"column":43}},"type":"binary-expr","locations":[{"start":{"line":10,"column":33},"end":{"line":10,"column":null}},{"start":{"line":10,"column":33},"end":{"line":10,"column":43}}]},"2":{"loc":{"start":{"line":10,"column":43},"end":{"line":11,"column":null}},"type":"cond-expr","locations":[{"start":{"line":11,"column":53},"end":{"line":11,"column":null}},{"start":{"line":11,"column":53},"end":{"line":11,"column":null}}]},"3":{"loc":{"start":{"line":10,"column":43},"end":{"line":11,"column":53}},"type":"binary-expr","locations":[{"start":{"line":10,"column":43},"end":{"line":11,"column":null}},{"start":{"line":11,"column":38},"end":{"line":11,"column":53}}]}},"s":{"0":0,"1":0,"2":0,"3":0,"4":0,"5":0,"6":0,"7":0,"8":0,"9":0,"10":0,"11":0,"12":0,"13":0,"14":0,"15":0,"16":0,"17":0,"18":0,"19":0,"20":0,"21":0},"f":{"0":0,"1":0,"2":0,"3":0},"b":{"0":[0,0],"1":[0,0],"2":[0,0],"3":[0,0]}}
,"C:\\Projects\\vizora\\vizora\\middleware\\src\\app\\app.module.ts": {"path":"C:\\Projects\\vizora\\vizora\\middleware\\src\\app\\app.module.ts","statementMap":{"0":{"start":{"line":1,"column":0},"end":{"line":1,"column":40}},"1":{"start":{"line":2,"column":0},"end":{"line":2,"column":41}},"2":{"start":{"line":3,"column":0},"end":{"line":3,"column":68}},"3":{"start":{"line":4,"column":0},"end":{"line":4,"column":49}},"4":{"start":{"line":5,"column":0},"end":{"line":5,"column":43}},"5":{"start":{"line":6,"column":0},"end":{"line":6,"column":63}},"6":{"start":{"line":7,"column":0},"end":{"line":7,"column":69}},"7":{"start":{"line":8,"column":0},"end":{"line":8,"column":57}},"8":{"start":{"line":9,"column":0},"end":{"line":9,"column":84}},"9":{"start":{"line":10,"column":0},"end":{"line":10,"column":69}},"10":{"start":{"line":11,"column":0},"end":{"line":11,"column":66}},"11":{"start":{"line":12,"column":0},"end":{"line":12,"column":72}},"12":{"start":{"line":13,"column":0},"end":{"line":13,"column":72}},"13":{"start":{"line":14,"column":0},"end":{"line":14,"column":63}},"14":{"start":{"line":56,"column":7},"end":{"line":56,"column":null}},"15":{"start":{"line":56,"column":13},"end":{"line":56,"column":22}},"16":{"start":{"line":56,"column":13},"end":{"line":56,"column":null}}},"fnMap":{},"branchMap":{},"s":{"0":0,"1":0,"2":0,"3":0,"4":0,"5":0,"6":0,"7":0,"8":0,"9":0,"10":0,"11":0,"12":0,"13":0,"14":0,"15":0,"16":0},"f":{},"b":{}}
,"C:\\Projects\\vizora\\vizora\\middleware\\src\\app\\app.service.ts": {"path":"C:\\Projects\\vizora\\vizora\\middleware\\src\\app\\app.service.ts","statementMap":{"0":{"start":{"line":1,"column":0},"end":{"line":1,"column":44}},"1":{"start":{"line":4,"column":7},"end":{"line":8,"column":null}},"2":{"start":{"line":6,"column":4},"end":{"line":6,"column":36}},"3":{"start":{"line":4,"column":13},"end":{"line":4,"column":23}},"4":{"start":{"line":4,"column":13},"end":{"line":8,"column":null}}},"fnMap":{"0":{"name":"(anonymous_0)","decl":{"start":{"line":5,"column":2},"end":{"line":5,"column":9}},"loc":{"start":{"line":5,"column":9},"end":{"line":7,"column":3}}}},"branchMap":{},"s":{"0":0,"1":0,"2":0,"3":0,"4":0},"f":{"0":0},"b":{}}
,"C:\\Projects\\vizora\\vizora\\middleware\\src\\modules\\auth\\auth.controller.ts": {"path":"C:\\Projects\\vizora\\vizora\\middleware\\src\\modules\\auth\\auth.controller.ts","statementMap":{"0":{"start":{"line":1,"column":0},"end":{"line":1,"column":72}},"1":{"start":{"line":2,"column":0},"end":{"line":2,"column":45}},"2":{"start":{"line":3,"column":0},"end":{"line":3,"column":45}},"3":{"start":{"line":4,"column":0},"end":{"line":4,"column":46}},"4":{"start":{"line":5,"column":0},"end":{"line":5,"column":55}},"5":{"start":{"line":6,"column":0},"end":{"line":6,"column":66}},"6":{"start":{"line":7,"column":0},"end":{"line":7,"column":55}},"7":{"start":{"line":10,"column":7},"end":{"line":65,"column":null}},"8":{"start":{"line":11,"column":22},"end":{"line":11,"column":35}},"9":{"start":{"line":18,"column":19},"end":{"line":18,"column":55}},"10":{"start":{"line":19,"column":4},"end":{"line":22,"column":6}},"11":{"start":{"line":30,"column":19},"end":{"line":30,"column":52}},"12":{"start":{"line":31,"column":4},"end":{"line":34,"column":6}},"13":{"start":{"line":40,"column":19},"end":{"line":40,"column":57}},"14":{"start":{"line":41,"column":4},"end":{"line":44,"column":6}},"15":{"start":{"line":50,"column":19},"end":{"line":50,"column":56}},"16":{"start":{"line":51,"column":4},"end":{"line":54,"column":6}},"17":{"start":{"line":60,"column":4},"end":{"line":63,"column":6}},"18":{"start":{"line":10,"column":13},"end":{"line":10,"column":27}},"19":{"start":{"line":17,"column":8},"end":{"line":23,"column":null}},"20":{"start":{"line":29,"column":8},"end":{"line":35,"column":null}},"21":{"start":{"line":39,"column":8},"end":{"line":45,"column":null}},"22":{"start":{"line":49,"column":8},"end":{"line":55,"column":null}},"23":{"start":{"line":59,"column":8},"end":{"line":64,"column":null}},"24":{"start":{"line":10,"column":13},"end":{"line":65,"column":null}}},"fnMap":{"0":{"name":"(anonymous_0)","decl":{"start":{"line":11,"column":2},"end":{"line":11,"column":22}},"loc":{"start":{"line":11,"column":46},"end":{"line":11,"column":50}}},"1":{"name":"(anonymous_1)","decl":{"start":{"line":17,"column":8},"end":{"line":17,"column":16}},"loc":{"start":{"line":17,"column":41},"end":{"line":23,"column":3}}},"2":{"name":"(anonymous_2)","decl":{"start":{"line":29,"column":8},"end":{"line":29,"column":13}},"loc":{"start":{"line":29,"column":35},"end":{"line":35,"column":3}}},"3":{"name":"(anonymous_3)","decl":{"start":{"line":39,"column":8},"end":{"line":39,"column":15}},"loc":{"start":{"line":39,"column":49},"end":{"line":45,"column":3}}},"4":{"name":"(anonymous_4)","decl":{"start":{"line":49,"column":8},"end":{"line":49,"column":14}},"loc":{"start":{"line":49,"column":48},"end":{"line":55,"column":3}}},"5":{"name":"(anonymous_5)","decl":{"start":{"line":59,"column":8},"end":{"line":59,"column":13}},"loc":{"start":{"line":59,"column":38},"end":{"line":64,"column":3}}}},"branchMap":{"0":{"loc":{"start":{"line":17,"column":30},"end":{"line":17,"column":null}},"type":"cond-expr","locations":[{"start":{"line":17,"column":41},"end":{"line":17,"column":null}},{"start":{"line":17,"column":41},"end":{"line":17,"column":null}}]},"1":{"loc":{"start":{"line":17,"column":30},"end":{"line":17,"column":41}},"type":"binary-expr","locations":[{"start":{"line":17,"column":30},"end":{"line":17,"column":null}},{"start":{"line":17,"column":30},"end":{"line":17,"column":41}}]},"2":{"loc":{"start":{"line":29,"column":27},"end":{"line":29,"column":null}},"type":"cond-expr","locations":[{"start":{"line":29,"column":35},"end":{"line":29,"column":null}},{"start":{"line":29,"column":35},"end":{"line":29,"column":null}}]},"3":{"loc":{"start":{"line":29,"column":27},"end":{"line":29,"column":35}},"type":"binary-expr","locations":[{"start":{"line":29,"column":27},"end":{"line":29,"column":null}},{"start":{"line":29,"column":27},"end":{"line":29,"column":35}}]},"4":{"loc":{"start":{"line":11,"column":35},"end":{"line":11,"column":49}},"type":"cond-expr","locations":[{"start":{"line":11,"column":46},"end":{"line":11,"column":49}},{"start":{"line":11,"column":46},"end":{"line":11,"column":49}}]},"5":{"loc":{"start":{"line":11,"column":35},"end":{"line":11,"column":46}},"type":"binary-expr","locations":[{"start":{"line":11,"column":35},"end":{"line":11,"column":49}},{"start":{"line":11,"column":35},"end":{"line":11,"column":46}}]}},"s":{"0":0,"1":0,"2":0,"3":0,"4":0,"5":0,"6":0,"7":0,"8":0,"9":0,"10":0,"11":0,"12":0,"13":0,"14":0,"15":0,"16":0,"17":0,"18":0,"19":0,"20":0,"21":0,"22":0,"23":0,"24":0},"f":{"0":0,"1":0,"2":0,"3":0,"4":0,"5":0},"b":{"0":[0,0],"1":[0,0],"2":[0,0],"3":[0,0],"4":[0,0],"5":[0,0]}}
,"C:\\Projects\\vizora\\vizora\\middleware\\src\\modules\\auth\\auth.module.ts": {"path":"C:\\Projects\\vizora\\vizora\\middleware\\src\\modules\\auth\\auth.module.ts","statementMap":{"0":{"start":{"line":1,"column":0},"end":{"line":1,"column":40}},"1":{"start":{"line":2,"column":0},"end":{"line":2,"column":40}},"2":{"start":{"line":3,"column":0},"end":{"line":3,"column":50}},"3":{"start":{"line":4,"column":0},"end":{"line":4,"column":51}},"4":{"start":{"line":5,"column":0},"end":{"line":5,"column":45}},"5":{"start":{"line":6,"column":0},"end":{"line":6,"column":56}},"6":{"start":{"line":7,"column":0},"end":{"line":7,"column":61}},"7":{"start":{"line":8,"column":0},"end":{"line":8,"column":55}},"8":{"start":{"line":9,"column":0},"end":{"line":9,"column":50}},"9":{"start":{"line":10,"column":0},"end":{"line":10,"column":41}},"10":{"start":{"line":45,"column":7},"end":{"line":45,"column":null}},"11":{"start":{"line":45,"column":13},"end":{"line":45,"column":23}},"12":{"start":{"line":45,"column":13},"end":{"line":45,"column":null}},"13":{"start":{"line":18,"column":23},"end":{"line":18,"column":45}},"14":{"start":{"line":19,"column":8},"end":{"line":23,"column":9}},"15":{"start":{"line":20,"column":10},"end":{"line":22,"column":12}},"16":{"start":{"line":24,"column":8},"end":{"line":29,"column":10}}},"fnMap":{"0":{"name":"(anonymous_0)","decl":{"start":{"line":17,"column":18},"end":{"line":17,"column":21}},"loc":{"start":{"line":17,"column":23},"end":{"line":30,"column":7}}}},"branchMap":{"0":{"loc":{"start":{"line":19,"column":8},"end":{"line":23,"column":9}},"type":"if","locations":[{"start":{"line":19,"column":8},"end":{"line":23,"column":9}},{"start":{},"end":{}}]},"1":{"loc":{"start":{"line":19,"column":12},"end":{"line":19,"column":41}},"type":"binary-expr","locations":[{"start":{"line":19,"column":12},"end":{"line":19,"column":19}},{"start":{"line":19,"column":23},"end":{"line":19,"column":41}}]},"2":{"loc":{"start":{"line":27,"column":23},"end":{"line":27,"column":57}},"type":"binary-expr","locations":[{"start":{"line":27,"column":23},"end":{"line":27,"column":49}},{"start":{"line":27,"column":53},"end":{"line":27,"column":57}}]}},"s":{"0":0,"1":0,"2":0,"3":0,"4":0,"5":0,"6":0,"7":0,"8":0,"9":0,"10":0,"11":0,"12":0,"13":0,"14":0,"15":0,"16":0},"f":{"0":0},"b":{"0":[0,0],"1":[0,0],"2":[0,0]}}
,"C:\\Projects\\vizora\\vizora\\middleware\\src\\modules\\auth\\auth.service.ts": {"path":"C:\\Projects\\vizora\\vizora\\middleware\\src\\modules\\auth\\auth.service.ts","statementMap":{"0":{"start":{"line":1,"column":0},"end":{"line":1,"column":null}},"1":{"start":{"line":7,"column":0},"end":{"line":7,"column":41}},"2":{"start":{"line":8,"column":0},"end":{"line":8,"column":63}},"3":{"start":{"line":9,"column":0},"end":{"line":9,"column":35}},"4":{"start":{"line":13,"column":7},"end":{"line":225,"column":null}},"5":{"start":{"line":15,"column":12},"end":{"line":15,"column":29}},"6":{"start":{"line":16,"column":12},"end":{"line":16,"column":24}},"7":{"start":{"line":21,"column":25},"end":{"line":23,"column":6}},"8":{"start":{"line":25,"column":4},"end":{"line":27,"column":5}},"9":{"start":{"line":26,"column":6},"end":{"line":26,"column":58}},"10":{"start":{"line":30,"column":17},"end":{"line":30,"column":80}},"11":{"start":{"line":33,"column":24},"end":{"line":35,"column":6}},"12":{"start":{"line":37,"column":4},"end":{"line":39,"column":5}},"13":{"start":{"line":38,"column":6},"end":{"line":38,"column":69}},"14":{"start":{"line":42,"column":25},"end":{"line":42,"column":60}},"15":{"start":{"line":45,"column":24},"end":{"line":45,"column":34}},"16":{"start":{"line":46,"column":4},"end":{"line":46,"column":51}},"17":{"start":{"line":49,"column":25},"end":{"line":58,"column":6}},"18":{"start":{"line":61,"column":17},"end":{"line":71,"column":6}},"19":{"start":{"line":74,"column":18},"end":{"line":74,"column":56}},"20":{"start":{"line":77,"column":4},"end":{"line":89,"column":7}},"21":{"start":{"line":91,"column":4},"end":{"line":103,"column":6}},"22":{"start":{"line":108,"column":17},"end":{"line":111,"column":6}},"23":{"start":{"line":113,"column":4},"end":{"line":115,"column":5}},"24":{"start":{"line":114,"column":6},"end":{"line":114,"column":67}},"25":{"start":{"line":118,"column":28},"end":{"line":118,"column":81}},"26":{"start":{"line":120,"column":4},"end":{"line":122,"column":5}},"27":{"start":{"line":121,"column":6},"end":{"line":121,"column":67}},"28":{"start":{"line":125,"column":4},"end":{"line":127,"column":5}},"29":{"start":{"line":126,"column":6},"end":{"line":126,"column":76}},"30":{"start":{"line":130,"column":4},"end":{"line":133,"column":7}},"31":{"start":{"line":136,"column":18},"end":{"line":136,"column":61}},"32":{"start":{"line":139,"column":4},"end":{"line":147,"column":7}},"33":{"start":{"line":149,"column":4},"end":{"line":159,"column":6}},"34":{"start":{"line":163,"column":17},"end":{"line":166,"column":6}},"35":{"start":{"line":168,"column":4},"end":{"line":170,"column":5}},"36":{"start":{"line":169,"column":6},"end":{"line":169,"column":68}},"37":{"start":{"line":172,"column":18},"end":{"line":172,"column":61}},"38":{"start":{"line":174,"column":4},"end":{"line":177,"column":6}},"39":{"start":{"line":182,"column":17},"end":{"line":184,"column":6}},"40":{"start":{"line":186,"column":4},"end":{"line":197,"column":5}},"41":{"start":{"line":188,"column":6},"end":{"line":196,"column":9}},"42":{"start":{"line":199,"column":4},"end":{"line":199,"column":50}},"43":{"start":{"line":203,"column":20},"end":{"line":209,"column":6}},"44":{"start":{"line":211,"column":4},"end":{"line":211,"column":41}},"45":{"start":{"line":215,"column":43},"end":{"line":215,"column":47}},"46":{"start":{"line":216,"column":4},"end":{"line":216,"column":21}},"47":{"start":{"line":220,"column":4},"end":{"line":223,"column":29}},"48":{"start":{"line":13,"column":13},"end":{"line":13,"column":24}},"49":{"start":{"line":13,"column":13},"end":{"line":225,"column":null}}},"fnMap":{"0":{"name":"(anonymous_0)","decl":{"start":{"line":14,"column":2},"end":{"line":14,"column":null}},"loc":{"start":{"line":16,"column":34},"end":{"line":17,"column":6}}},"1":{"name":"(anonymous_1)","decl":{"start":{"line":19,"column":2},"end":{"line":19,"column":7}},"loc":{"start":{"line":19,"column":33},"end":{"line":104,"column":3}}},"2":{"name":"(anonymous_2)","decl":{"start":{"line":106,"column":2},"end":{"line":106,"column":7}},"loc":{"start":{"line":106,"column":27},"end":{"line":160,"column":3}}},"3":{"name":"(anonymous_3)","decl":{"start":{"line":162,"column":2},"end":{"line":162,"column":7}},"loc":{"start":{"line":162,"column":30},"end":{"line":178,"column":3}}},"4":{"name":"(anonymous_4)","decl":{"start":{"line":180,"column":2},"end":{"line":180,"column":7}},"loc":{"start":{"line":180,"column":29},"end":{"line":200,"column":3}}},"5":{"name":"(anonymous_5)","decl":{"start":{"line":202,"column":10},"end":{"line":202,"column":23}},"loc":{"start":{"line":202,"column":52},"end":{"line":212,"column":3}}},"6":{"name":"(anonymous_6)","decl":{"start":{"line":214,"column":10},"end":{"line":214,"column":22}},"loc":{"start":{"line":214,"column":32},"end":{"line":217,"column":3}}},"7":{"name":"(anonymous_7)","decl":{"start":{"line":219,"column":10},"end":{"line":219,"column":22}},"loc":{"start":{"line":219,"column":35},"end":{"line":224,"column":3}}}},"branchMap":{"0":{"loc":{"start":{"line":25,"column":4},"end":{"line":27,"column":5}},"type":"if","locations":[{"start":{"line":25,"column":4},"end":{"line":27,"column":5}},{"start":{},"end":{}}]},"1":{"loc":{"start":{"line":30,"column":17},"end":{"line":30,"column":80}},"type":"binary-expr","locations":[{"start":{"line":30,"column":17},"end":{"line":30,"column":37}},{"start":{"line":30,"column":41},"end":{"line":30,"column":80}}]},"2":{"loc":{"start":{"line":37,"column":4},"end":{"line":39,"column":5}},"type":"if","locations":[{"start":{"line":37,"column":4},"end":{"line":39,"column":5}},{"start":{},"end":{}}]},"3":{"loc":{"start":{"line":113,"column":4},"end":{"line":115,"column":5}},"type":"if","locations":[{"start":{"line":113,"column":4},"end":{"line":115,"column":5}},{"start":{},"end":{}}]},"4":{"loc":{"start":{"line":113,"column":8},"end":{"line":113,"column":35}},"type":"binary-expr","locations":[{"start":{"line":113,"column":8},"end":{"line":113,"column":13}},{"start":{"line":113,"column":17},"end":{"line":113,"column":35}}]},"5":{"loc":{"start":{"line":120,"column":4},"end":{"line":122,"column":5}},"type":"if","locations":[{"start":{"line":120,"column":4},"end":{"line":122,"column":5}},{"start":{},"end":{}}]},"6":{"loc":{"start":{"line":125,"column":4},"end":{"line":127,"column":5}},"type":"if","locations":[{"start":{"line":125,"column":4},"end":{"line":127,"column":5}},{"start":{},"end":{}}]},"7":{"loc":{"start":{"line":168,"column":4},"end":{"line":170,"column":5}},"type":"if","locations":[{"start":{"line":168,"column":4},"end":{"line":170,"column":5}},{"start":{},"end":{}}]},"8":{"loc":{"start":{"line":168,"column":8},"end":{"line":168,"column":31}},"type":"binary-expr","locations":[{"start":{"line":168,"column":8},"end":{"line":168,"column":13}},{"start":{"line":168,"column":17},"end":{"line":168,"column":31}}]},"9":{"loc":{"start":{"line":186,"column":4},"end":{"line":197,"column":5}},"type":"if","locations":[{"start":{"line":186,"column":4},"end":{"line":197,"column":5}},{"start":{},"end":{}}]},"10":{"loc":{"start":{"line":15,"column":29},"end":{"line":15,"column":null}},"type":"cond-expr","locations":[{"start":{"line":15,"column":44},"end":{"line":15,"column":null}},{"start":{"line":15,"column":44},"end":{"line":15,"column":null}}]},"11":{"loc":{"start":{"line":15,"column":29},"end":{"line":15,"column":44}},"type":"binary-expr","locations":[{"start":{"line":15,"column":29},"end":{"line":15,"column":null}},{"start":{"line":15,"column":29},"end":{"line":15,"column":44}}]},"12":{"loc":{"start":{"line":15,"column":44},"end":{"line":16,"column":null}},"type":"cond-expr","locations":[{"start":{"line":16,"column":34},"end":{"line":16,"column":null}},{"start":{"line":16,"column":34},"end":{"line":16,"column":null}}]},"13":{"loc":{"start":{"line":15,"column":44},"end":{"line":16,"column":34}},"type":"binary-expr","locations":[{"start":{"line":15,"column":44},"end":{"line":16,"column":null}},{"start":{"line":16,"column":24},"end":{"line":16,"column":34}}]}},"s":{"0":1,"1":1,"2":1,"3":1,"4":1,"5":22,"6":22,"7":10,"8":10,"9":1,"10":9,"11":9,"12":9,"13":1,"14":8,"15":8,"16":8,"17":8,"18":8,"19":8,"20":8,"21":8,"22":6,"23":6,"24":1,"25":5,"26":5,"27":1,"28":4,"29":1,"30":3,"31":3,"32":3,"33":3,"34":3,"35":3,"36":2,"37":1,"38":1,"39":2,"40":2,"41":1,"42":2,"43":12,"44":12,"45":11,"46":11,"47":9,"48":1,"49":1},"f":{"0":22,"1":10,"2":6,"3":3,"4":2,"5":12,"6":11,"7":9},"b":{"0":[1,9],"1":[9,9],"2":[1,8],"3":[1,5],"4":[6,5],"5":[1,4],"6":[1,3],"7":[2,1],"8":[3,2],"9":[1,1],"10":[1,0],"11":[1,1],"12":[1,0],"13":[1,1]}}
,"C:\\Projects\\vizora\\vizora\\middleware\\src\\modules\\auth\\decorators\\current-user.decorator.ts": {"path":"C:\\Projects\\vizora\\vizora\\middleware\\src\\modules\\auth\\decorators\\current-user.decorator.ts","statementMap":{"0":{"start":{"line":1,"column":0},"end":{"line":1,"column":72}},"1":{"start":{"line":3,"column":13},"end":{"line":10,"column":2}},"2":{"start":{"line":5,"column":20},"end":{"line":5,"column":51}},"3":{"start":{"line":6,"column":17},"end":{"line":6,"column":29}},"4":{"start":{"line":8,"column":4},"end":{"line":8,"column":38}}},"fnMap":{"0":{"name":"(anonymous_0)","decl":{"start":{"line":4,"column":2},"end":{"line":4,"column":3}},"loc":{"start":{"line":4,"column":54},"end":{"line":9,"column":3}}}},"branchMap":{"0":{"loc":{"start":{"line":8,"column":11},"end":{"line":8,"column":37}},"type":"cond-expr","locations":[{"start":{"line":8,"column":18},"end":{"line":8,"column":30}},{"start":{"line":8,"column":33},"end":{"line":8,"column":37}}]}},"s":{"0":0,"1":0,"2":0,"3":0,"4":0},"f":{"0":0},"b":{"0":[0,0]}}
,"C:\\Projects\\vizora\\vizora\\middleware\\src\\modules\\auth\\decorators\\public.decorator.ts": {"path":"C:\\Projects\\vizora\\vizora\\middleware\\src\\modules\\auth\\decorators\\public.decorator.ts","statementMap":{"0":{"start":{"line":1,"column":0},"end":{"line":1,"column":45}},"1":{"start":{"line":3,"column":13},"end":{"line":3,"column":40}},"2":{"start":{"line":4,"column":22},"end":{"line":4,"column":60}},"3":{"start":{"line":4,"column":28},"end":{"line":4,"column":60}},"4":{"start":{"line":4,"column":13},"end":{"line":4,"column":22}}},"fnMap":{"0":{"name":"(anonymous_0)","decl":{"start":{"line":4,"column":22},"end":{"line":4,"column":25}},"loc":{"start":{"line":4,"column":28},"end":{"line":4,"column":60}}}},"branchMap":{},"s":{"0":0,"1":0,"2":0,"3":0,"4":0},"f":{"0":0},"b":{}}
,"C:\\Projects\\vizora\\vizora\\middleware\\src\\modules\\auth\\decorators\\roles.decorator.ts": {"path":"C:\\Projects\\vizora\\vizora\\middleware\\src\\modules\\auth\\decorators\\roles.decorator.ts","statementMap":{"0":{"start":{"line":1,"column":0},"end":{"line":1,"column":45}},"1":{"start":{"line":3,"column":13},"end":{"line":3,"column":33}},"2":{"start":{"line":4,"column":21},"end":{"line":4,"column":74}},"3":{"start":{"line":4,"column":45},"end":{"line":4,"column":74}},"4":{"start":{"line":4,"column":13},"end":{"line":4,"column":21}}},"fnMap":{"0":{"name":"(anonymous_0)","decl":{"start":{"line":4,"column":21},"end":{"line":4,"column":22}},"loc":{"start":{"line":4,"column":45},"end":{"line":4,"column":74}}}},"branchMap":{},"s":{"0":0,"1":0,"2":0,"3":0,"4":0},"f":{"0":0},"b":{}}
,"C:\\Projects\\vizora\\vizora\\middleware\\src\\modules\\auth\\dto\\index.ts": {"path":"C:\\Projects\\vizora\\vizora\\middleware\\src\\modules\\auth\\dto\\index.ts","statementMap":{"0":{"start":{"line":1,"column":0},"end":{"line":1,"column":31}},"1":{"start":{"line":2,"column":0},"end":{"line":2,"column":28}}},"fnMap":{},"branchMap":{},"s":{"0":0,"1":0},"f":{},"b":{}}
,"C:\\Projects\\vizora\\vizora\\middleware\\src\\modules\\auth\\dto\\login.dto.ts": {"path":"C:\\Projects\\vizora\\vizora\\middleware\\src\\modules\\auth\\dto\\login.dto.ts","statementMap":{"0":{"start":{"line":1,"column":0},"end":{"line":1,"column":52}},"1":{"start":{"line":3,"column":0},"end":{"line":3,"column":13}},"2":{"start":{"line":5,"column":2},"end":{"line":5,"column":null}},"3":{"start":{"line":8,"column":2},"end":{"line":8,"column":null}}},"fnMap":{},"branchMap":{},"s":{"0":0,"1":0,"2":0,"3":0},"f":{},"b":{}}
,"C:\\Projects\\vizora\\vizora\\middleware\\src\\modules\\auth\\dto\\register.dto.ts": {"path":"C:\\Projects\\vizora\\vizora\\middleware\\src\\modules\\auth\\dto\\register.dto.ts","statementMap":{"0":{"start":{"line":1,"column":0},"end":{"line":1,"column":95}},"1":{"start":{"line":3,"column":0},"end":{"line":3,"column":13}},"2":{"start":{"line":5,"column":2},"end":{"line":5,"column":null}},"3":{"start":{"line":13,"column":2},"end":{"line":13,"column":null}},"4":{"start":{"line":18,"column":2},"end":{"line":18,"column":null}},"5":{"start":{"line":23,"column":2},"end":{"line":23,"column":null}},"6":{"start":{"line":28,"column":2},"end":{"line":28,"column":null}},"7":{"start":{"line":37,"column":2},"end":{"line":37,"column":null}}},"fnMap":{},"branchMap":{},"s":{"0":0,"1":0,"2":0,"3":0,"4":0,"5":0,"6":0,"7":0},"f":{},"b":{}}
,"C:\\Projects\\vizora\\vizora\\middleware\\src\\modules\\auth\\guards\\jwt-auth.guard.ts": {"path":"C:\\Projects\\vizora\\vizora\\middleware\\src\\modules\\auth\\guards\\jwt-auth.guard.ts","statementMap":{"0":{"start":{"line":1,"column":0},"end":{"line":1,"column":62}},"1":{"start":{"line":2,"column":0},"end":{"line":2,"column":45}},"2":{"start":{"line":3,"column":0},"end":{"line":3,"column":41}},"3":{"start":{"line":6,"column":7},"end":{"line":24,"column":null}},"4":{"start":{"line":8,"column":4},"end":{"line":8,"column":12}},"5":{"start":{"line":7,"column":22},"end":{"line":7,"column":33}},"6":{"start":{"line":13,"column":21},"end":{"line":16,"column":6}},"7":{"start":{"line":18,"column":4},"end":{"line":20,"column":5}},"8":{"start":{"line":19,"column":6},"end":{"line":19,"column":18}},"9":{"start":{"line":22,"column":4},"end":{"line":22,"column":38}},"10":{"start":{"line":6,"column":13},"end":{"line":6,"column":25}},"11":{"start":{"line":6,"column":13},"end":{"line":24,"column":null}}},"fnMap":{"0":{"name":"(anonymous_0)","decl":{"start":{"line":7,"column":2},"end":{"line":7,"column":22}},"loc":{"start":{"line":7,"column":42},"end":{"line":9,"column":3}}},"1":{"name":"(anonymous_1)","decl":{"start":{"line":11,"column":2},"end":{"line":11,"column":13}},"loc":{"start":{"line":11,"column":39},"end":{"line":23,"column":3}}}},"branchMap":{"0":{"loc":{"start":{"line":18,"column":4},"end":{"line":20,"column":5}},"type":"if","locations":[{"start":{"line":18,"column":4},"end":{"line":20,"column":5}},{"start":{},"end":{}}]},"1":{"loc":{"start":{"line":7,"column":33},"end":{"line":7,"column":null}},"type":"cond-expr","locations":[{"start":{"line":7,"column":42},"end":{"line":7,"column":null}},{"start":{"line":7,"column":42},"end":{"line":7,"column":null}}]},"2":{"loc":{"start":{"line":7,"column":33},"end":{"line":7,"column":42}},"type":"binary-expr","locations":[{"start":{"line":7,"column":33},"end":{"line":7,"column":null}},{"start":{"line":7,"column":33},"end":{"line":7,"column":42}}]}},"s":{"0":0,"1":0,"2":0,"3":0,"4":0,"5":0,"6":0,"7":0,"8":0,"9":0,"10":0,"11":0},"f":{"0":0,"1":0},"b":{"0":[0,0],"1":[0,0],"2":[0,0]}}
,"C:\\Projects\\vizora\\vizora\\middleware\\src\\modules\\auth\\guards\\roles.guard.ts": {"path":"C:\\Projects\\vizora\\vizora\\middleware\\src\\modules\\auth\\guards\\roles.guard.ts","statementMap":{"0":{"start":{"line":1,"column":0},"end":{"line":1,"column":95}},"1":{"start":{"line":2,"column":0},"end":{"line":2,"column":41}},"2":{"start":{"line":5,"column":7},"end":{"line":32,"column":null}},"3":{"start":{"line":6,"column":22},"end":{"line":6,"column":33}},"4":{"start":{"line":9,"column":26},"end":{"line":12,"column":6}},"5":{"start":{"line":14,"column":4},"end":{"line":16,"column":5}},"6":{"start":{"line":15,"column":6},"end":{"line":15,"column":18}},"7":{"start":{"line":18,"column":21},"end":{"line":18,"column":56}},"8":{"start":{"line":20,"column":4},"end":{"line":22,"column":5}},"9":{"start":{"line":21,"column":6},"end":{"line":21,"column":61}},"10":{"start":{"line":24,"column":20},"end":{"line":24,"column":68}},"11":{"start":{"line":24,"column":49},"end":{"line":24,"column":67}},"12":{"start":{"line":26,"column":4},"end":{"line":28,"column":5}},"13":{"start":{"line":27,"column":6},"end":{"line":27,"column":108}},"14":{"start":{"line":30,"column":4},"end":{"line":30,"column":16}},"15":{"start":{"line":5,"column":13},"end":{"line":5,"column":23}},"16":{"start":{"line":5,"column":13},"end":{"line":32,"column":null}}},"fnMap":{"0":{"name":"(anonymous_0)","decl":{"start":{"line":6,"column":2},"end":{"line":6,"column":22}},"loc":{"start":{"line":6,"column":42},"end":{"line":6,"column":46}}},"1":{"name":"(anonymous_1)","decl":{"start":{"line":8,"column":2},"end":{"line":8,"column":13}},"loc":{"start":{"line":8,"column":39},"end":{"line":31,"column":3}}},"2":{"name":"(anonymous_2)","decl":{"start":{"line":24,"column":39},"end":{"line":24,"column":40}},"loc":{"start":{"line":24,"column":49},"end":{"line":24,"column":67}}}},"branchMap":{"0":{"loc":{"start":{"line":14,"column":4},"end":{"line":16,"column":5}},"type":"if","locations":[{"start":{"line":14,"column":4},"end":{"line":16,"column":5}},{"start":{},"end":{}}]},"1":{"loc":{"start":{"line":20,"column":4},"end":{"line":22,"column":5}},"type":"if","locations":[{"start":{"line":20,"column":4},"end":{"line":22,"column":5}},{"start":{},"end":{}}]},"2":{"loc":{"start":{"line":26,"column":4},"end":{"line":28,"column":5}},"type":"if","locations":[{"start":{"line":26,"column":4},"end":{"line":28,"column":5}},{"start":{},"end":{}}]},"3":{"loc":{"start":{"line":6,"column":33},"end":{"line":6,"column":45}},"type":"cond-expr","locations":[{"start":{"line":6,"column":42},"end":{"line":6,"column":45}},{"start":{"line":6,"column":42},"end":{"line":6,"column":45}}]},"4":{"loc":{"start":{"line":6,"column":33},"end":{"line":6,"column":42}},"type":"binary-expr","locations":[{"start":{"line":6,"column":33},"end":{"line":6,"column":45}},{"start":{"line":6,"column":33},"end":{"line":6,"column":42}}]}},"s":{"0":0,"1":0,"2":0,"3":0,"4":0,"5":0,"6":0,"7":0,"8":0,"9":0,"10":0,"11":0,"12":0,"13":0,"14":0,"15":0,"16":0},"f":{"0":0,"1":0,"2":0},"b":{"0":[0,0],"1":[0,0],"2":[0,0],"3":[0,0],"4":[0,0]}}
,"C:\\Projects\\vizora\\vizora\\middleware\\src\\modules\\auth\\strategies\\jwt.strategy.ts": {"path":"C:\\Projects\\vizora\\vizora\\middleware\\src\\modules\\auth\\strategies\\jwt.strategy.ts","statementMap":{"0":{"start":{"line":1,"column":0},"end":{"line":1,"column":67}},"1":{"start":{"line":2,"column":0},"end":{"line":2,"column":52}},"2":{"start":{"line":3,"column":0},"end":{"line":3,"column":52}},"3":{"start":{"line":4,"column":0},"end":{"line":4,"column":66}},"4":{"start":{"line":15,"column":7},"end":{"line":53,"column":null}},"5":{"start":{"line":17,"column":4},"end":{"line":21,"column":7}},"6":{"start":{"line":16,"column":22},"end":{"line":16,"column":39}},"7":{"start":{"line":26,"column":4},"end":{"line":33,"column":5}},"8":{"start":{"line":27,"column":6},"end":{"line":32,"column":8}},"9":{"start":{"line":36,"column":17},"end":{"line":39,"column":6}},"10":{"start":{"line":41,"column":4},"end":{"line":43,"column":5}},"11":{"start":{"line":42,"column":6},"end":{"line":42,"column":68}},"12":{"start":{"line":45,"column":4},"end":{"line":51,"column":6}},"13":{"start":{"line":15,"column":13},"end":{"line":15,"column":24}},"14":{"start":{"line":15,"column":13},"end":{"line":53,"column":null}}},"fnMap":{"0":{"name":"(anonymous_0)","decl":{"start":{"line":16,"column":2},"end":{"line":16,"column":22}},"loc":{"start":{"line":16,"column":54},"end":{"line":22,"column":3}}},"1":{"name":"(anonymous_1)","decl":{"start":{"line":24,"column":2},"end":{"line":24,"column":7}},"loc":{"start":{"line":24,"column":36},"end":{"line":52,"column":3}}}},"branchMap":{"0":{"loc":{"start":{"line":26,"column":4},"end":{"line":33,"column":5}},"type":"if","locations":[{"start":{"line":26,"column":4},"end":{"line":33,"column":5}},{"start":{},"end":{}}]},"1":{"loc":{"start":{"line":41,"column":4},"end":{"line":43,"column":5}},"type":"if","locations":[{"start":{"line":41,"column":4},"end":{"line":43,"column":5}},{"start":{},"end":{}}]},"2":{"loc":{"start":{"line":41,"column":8},"end":{"line":41,"column":31}},"type":"binary-expr","locations":[{"start":{"line":41,"column":8},"end":{"line":41,"column":13}},{"start":{"line":41,"column":17},"end":{"line":41,"column":31}}]},"3":{"loc":{"start":{"line":16,"column":39},"end":{"line":16,"column":null}},"type":"cond-expr","locations":[{"start":{"line":16,"column":54},"end":{"line":16,"column":null}},{"start":{"line":16,"column":54},"end":{"line":16,"column":null}}]},"4":{"loc":{"start":{"line":16,"column":39},"end":{"line":16,"column":54}},"type":"binary-expr","locations":[{"start":{"line":16,"column":39},"end":{"line":16,"column":null}},{"start":{"line":16,"column":39},"end":{"line":16,"column":54}}]}},"s":{"0":0,"1":0,"2":0,"3":0,"4":0,"5":0,"6":0,"7":0,"8":0,"9":0,"10":0,"11":0,"12":0,"13":0,"14":0},"f":{"0":0,"1":0},"b":{"0":[0,0],"1":[0,0],"2":[0,0],"3":[0,0],"4":[0,0]}}
,"C:\\Projects\\vizora\\vizora\\middleware\\src\\modules\\common\\decorators\\organization.decorator.ts": {"path":"C:\\Projects\\vizora\\vizora\\middleware\\src\\modules\\common\\decorators\\organization.decorator.ts","statementMap":{"0":{"start":{"line":1,"column":0},"end":{"line":1,"column":72}},"1":{"start":{"line":3,"column":13},"end":{"line":8,"column":2}},"2":{"start":{"line":5,"column":20},"end":{"line":5,"column":51}},"3":{"start":{"line":6,"column":4},"end":{"line":6,"column":32}},"4":{"start":{"line":10,"column":13},"end":{"line":15,"column":2}},"5":{"start":{"line":12,"column":20},"end":{"line":12,"column":51}},"6":{"start":{"line":13,"column":4},"end":{"line":13,"column":24}}},"fnMap":{"0":{"name":"(anonymous_0)","decl":{"start":{"line":4,"column":2},"end":{"line":4,"column":3}},"loc":{"start":{"line":4,"column":43},"end":{"line":7,"column":3}}},"1":{"name":"(anonymous_1)","decl":{"start":{"line":11,"column":2},"end":{"line":11,"column":3}},"loc":{"start":{"line":11,"column":43},"end":{"line":14,"column":3}}}},"branchMap":{},"s":{"0":0,"1":0,"2":0,"3":0,"4":0,"5":0,"6":0},"f":{"0":0,"1":0},"b":{}}
,"C:\\Projects\\vizora\\vizora\\middleware\\src\\modules\\common\\dto\\pagination.dto.ts": {"path":"C:\\Projects\\vizora\\vizora\\middleware\\src\\modules\\common\\dto\\pagination.dto.ts","statementMap":{"0":{"start":{"line":1,"column":0},"end":{"line":1,"column":62}},"1":{"start":{"line":2,"column":0},"end":{"line":2,"column":41}},"2":{"start":{"line":9,"column":18},"end":{"line":9,"column":19}},"3":{"start":{"line":16,"column":19},"end":{"line":16,"column":21}},"4":{"start":{"line":4,"column":0},"end":{"line":4,"column":13}},"5":{"start":{"line":9,"column":2},"end":{"line":9,"column":null}},"6":{"start":{"line":6,"column":14},"end":{"line":6,"column":20}},"7":{"start":{"line":16,"column":2},"end":{"line":16,"column":null}},"8":{"start":{"line":12,"column":14},"end":{"line":12,"column":20}},"9":{"start":{"line":29,"column":4},"end":{"line":29,"column":21}},"10":{"start":{"line":30,"column":4},"end":{"line":35,"column":6}},"11":{"start":{"line":19,"column":0},"end":{"line":19,"column":13}}},"fnMap":{"0":{"name":"(anonymous_0)","decl":{"start":{"line":6,"column":8},"end":{"line":6,"column":11}},"loc":{"start":{"line":6,"column":14},"end":{"line":6,"column":20}}},"1":{"name":"(anonymous_1)","decl":{"start":{"line":12,"column":8},"end":{"line":12,"column":11}},"loc":{"start":{"line":12,"column":14},"end":{"line":12,"column":20}}},"2":{"name":"(anonymous_2)","decl":{"start":{"line":28,"column":2},"end":{"line":28,"column":14}},"loc":{"start":{"line":28,"column":67},"end":{"line":36,"column":3}}}},"branchMap":{},"s":{"0":3,"1":3,"2":0,"3":0,"4":3,"5":3,"6":0,"7":3,"8":0,"9":7,"10":7,"11":3},"f":{"0":0,"1":0,"2":7},"b":{}}
,"C:\\Projects\\vizora\\vizora\\middleware\\src\\modules\\common\\interceptors\\sanitize.interceptor.ts": {"path":"C:\\Projects\\vizora\\vizora\\middleware\\src\\modules\\common\\interceptors\\sanitize.interceptor.ts","statementMap":{"0":{"start":{"line":1,"column":0},"end":{"line":1,"column":null}},"1":{"start":{"line":8,"column":0},"end":{"line":8,"column":41}},"2":{"start":{"line":15,"column":7},"end":{"line":70,"column":null}},"3":{"start":{"line":16,"column":60},"end":{"line":20,"column":4}},"4":{"start":{"line":23,"column":20},"end":{"line":23,"column":55}},"5":{"start":{"line":25,"column":4},"end":{"line":27,"column":5}},"6":{"start":{"line":26,"column":6},"end":{"line":26,"column":55}},"7":{"start":{"line":29,"column":4},"end":{"line":29,"column":25}},"8":{"start":{"line":33,"column":4},"end":{"line":35,"column":5}},"9":{"start":{"line":34,"column":6},"end":{"line":34,"column":17}},"10":{"start":{"line":37,"column":4},"end":{"line":39,"column":5}},"11":{"start":{"line":38,"column":6},"end":{"line":38,"column":38}},"12":{"start":{"line":41,"column":4},"end":{"line":43,"column":5}},"13":{"start":{"line":42,"column":6},"end":{"line":42,"column":56}},"14":{"start":{"line":42,"column":29},"end":{"line":42,"column":54}},"15":{"start":{"line":45,"column":4},"end":{"line":56,"column":5}},"16":{"start":{"line":46,"column":45},"end":{"line":46,"column":47}},"17":{"start":{"line":47,"column":6},"end":{"line":54,"column":7}},"18":{"start":{"line":49,"column":8},"end":{"line":53,"column":9}},"19":{"start":{"line":50,"column":10},"end":{"line":50,"column":33}},"20":{"start":{"line":52,"column":10},"end":{"line":52,"column":54}},"21":{"start":{"line":55,"column":6},"end":{"line":55,"column":23}},"22":{"start":{"line":58,"column":4},"end":{"line":58,"column":15}},"23":{"start":{"line":63,"column":20},"end":{"line":63,"column":59}},"24":{"start":{"line":66,"column":4},"end":{"line":66,"column":33}},"25":{"start":{"line":68,"column":4},"end":{"line":68,"column":21}},"26":{"start":{"line":15,"column":13},"end":{"line":15,"column":32}},"27":{"start":{"line":15,"column":13},"end":{"line":70,"column":null}}},"fnMap":{"0":{"name":"(anonymous_0)","decl":{"start":{"line":22,"column":2},"end":{"line":22,"column":11}},"loc":{"start":{"line":22,"column":56},"end":{"line":30,"column":3}}},"1":{"name":"(anonymous_1)","decl":{"start":{"line":32,"column":10},"end":{"line":32,"column":24}},"loc":{"start":{"line":32,"column":33},"end":{"line":59,"column":3}}},"2":{"name":"(anonymous_2)","decl":{"start":{"line":42,"column":21},"end":{"line":42,"column":25}},"loc":{"start":{"line":42,"column":29},"end":{"line":42,"column":54}}},"3":{"name":"(anonymous_3)","decl":{"start":{"line":61,"column":10},"end":{"line":61,"column":24}},"loc":{"start":{"line":61,"column":36},"end":{"line":69,"column":3}}}},"branchMap":{"0":{"loc":{"start":{"line":25,"column":4},"end":{"line":27,"column":5}},"type":"if","locations":[{"start":{"line":25,"column":4},"end":{"line":27,"column":5}},{"start":{},"end":{}}]},"1":{"loc":{"start":{"line":25,"column":8},"end":{"line":25,"column":56}},"type":"binary-expr","locations":[{"start":{"line":25,"column":8},"end":{"line":25,"column":20}},{"start":{"line":25,"column":24},"end":{"line":25,"column":56}}]},"2":{"loc":{"start":{"line":33,"column":4},"end":{"line":35,"column":5}},"type":"if","locations":[{"start":{"line":33,"column":4},"end":{"line":35,"column":5}},{"start":{},"end":{}}]},"3":{"loc":{"start":{"line":33,"column":8},"end":{"line":33,"column":41}},"type":"binary-expr","locations":[{"start":{"line":33,"column":8},"end":{"line":33,"column":20}},{"start":{"line":33,"column":24},"end":{"line":33,"column":41}}]},"4":{"loc":{"start":{"line":37,"column":4},"end":{"line":39,"column":5}},"type":"if","locations":[{"start":{"line":37,"column":4},"end":{"line":39,"column":5}},{"start":{},"end":{}}]},"5":{"loc":{"start":{"line":41,"column":4},"end":{"line":43,"column":5}},"type":"if","locations":[{"start":{"line":41,"column":4},"end":{"line":43,"column":5}},{"start":{},"end":{}}]},"6":{"loc":{"start":{"line":45,"column":4},"end":{"line":56,"column":5}},"type":"if","locations":[{"start":{"line":45,"column":4},"end":{"line":56,"column":5}},{"start":{},"end":{}}]},"7":{"loc":{"start":{"line":49,"column":8},"end":{"line":53,"column":9}},"type":"if","locations":[{"start":{"line":49,"column":8},"end":{"line":53,"column":9}},{"start":{"line":51,"column":15},"end":{"line":53,"column":9}}]}},"s":{"0":0,"1":0,"2":0,"3":0,"4":0,"5":0,"6":0,"7":0,"8":0,"9":0,"10":0,"11":0,"12":0,"13":0,"14":0,"15":0,"16":0,"17":0,"18":0,"19":0,"20":0,"21":0,"22":0,"23":0,"24":0,"25":0,"26":0,"27":0},"f":{"0":0,"1":0,"2":0,"3":0},"b":{"0":[0,0],"1":[0,0],"2":[0,0],"3":[0,0],"4":[0,0],"5":[0,0],"6":[0,0],"7":[0,0]}}
,"C:\\Projects\\vizora\\vizora\\middleware\\src\\modules\\config\\config.module.ts": {"path":"C:\\Projects\\vizora\\vizora\\middleware\\src\\modules\\config\\config.module.ts","statementMap":{"0":{"start":{"line":1,"column":0},"end":{"line":1,"column":48}},"1":{"start":{"line":2,"column":0},"end":{"line":2,"column":81}},"2":{"start":{"line":3,"column":0},"end":{"line":3,"column":22}},"3":{"start":{"line":30,"column":9},"end":{"line":3,"column":58}},"4":{"start":{"line":4,"column":0},"end":{"line":4,"column":29}},"5":{"start":{"line":7,"column":16},"end":{"line":9,"column":47}},"6":{"start":{"line":27,"column":7},"end":{"line":27,"column":null}},"7":{"start":{"line":27,"column":13},"end":{"line":27,"column":25}},"8":{"start":{"line":27,"column":13},"end":{"line":27,"column":null}}},"fnMap":{"0":{"name":"(anonymous_0)","decl":{"start":{"line":30,"column":9},"end":{"line":30,"column":18}},"loc":{"start":{"line":30,"column":9},"end":{"line":3,"column":58}}}},"branchMap":{"0":{"loc":{"start":{"line":7,"column":16},"end":{"line":9,"column":47}},"type":"cond-expr","locations":[{"start":{"line":8,"column":4},"end":{"line":8,"column":39}},{"start":{"line":9,"column":4},"end":{"line":9,"column":47}}]}},"s":{"0":0,"1":0,"2":0,"3":0,"4":0,"5":0,"6":0,"7":0,"8":0},"f":{"0":0},"b":{"0":[0,0]}}
,"C:\\Projects\\vizora\\vizora\\middleware\\src\\modules\\config\\env.validation.ts": {"path":"C:\\Projects\\vizora\\vizora\\middleware\\src\\modules\\config\\env.validation.ts","statementMap":{"0":{"start":{"line":52,"column":0},"end":{"line":52,"column":16}},"1":{"start":{"line":1,"column":0},"end":{"line":1,"column":24}},"2":{"start":{"line":3,"column":13},"end":{"line":48,"column":3}},"3":{"start":{"line":15,"column":13},"end":{"line":15,"column":77}},"4":{"start":{"line":21,"column":13},"end":{"line":21,"column":77}},"5":{"start":{"line":27,"column":13},"end":{"line":27,"column":70}},"6":{"start":{"line":37,"column":47},"end":{"line":37,"column":61}},"7":{"start":{"line":53,"column":17},"end":{"line":53,"column":44}},"8":{"start":{"line":55,"column":2},"end":{"line":64,"column":3}},"9":{"start":{"line":56,"column":19},"end":{"line":58,"column":16}},"10":{"start":{"line":57,"column":15},"end":{"line":57,"column":58}},"11":{"start":{"line":60,"column":4},"end":{"line":63,"column":6}},"12":{"start":{"line":66,"column":2},"end":{"line":66,"column":21}}},"fnMap":{"0":{"name":"(anonymous_0)","decl":{"start":{"line":15,"column":4},"end":{"line":15,"column":5}},"loc":{"start":{"line":15,"column":13},"end":{"line":15,"column":77}}},"1":{"name":"(anonymous_1)","decl":{"start":{"line":21,"column":4},"end":{"line":21,"column":5}},"loc":{"start":{"line":21,"column":13},"end":{"line":21,"column":77}}},"2":{"name":"(anonymous_2)","decl":{"start":{"line":27,"column":4},"end":{"line":27,"column":5}},"loc":{"start":{"line":27,"column":13},"end":{"line":27,"column":70}}},"3":{"name":"(anonymous_3)","decl":{"start":{"line":37,"column":38},"end":{"line":37,"column":39}},"loc":{"start":{"line":37,"column":47},"end":{"line":37,"column":61}}},"4":{"name":"validateEnv","decl":{"start":{"line":52,"column":16},"end":{"line":52,"column":27}},"loc":{"start":{"line":52,"column":59},"end":{"line":67,"column":1}}},"5":{"name":"(anonymous_5)","decl":{"start":{"line":57,"column":6},"end":{"line":57,"column":7}},"loc":{"start":{"line":57,"column":15},"end":{"line":57,"column":58}}}},"branchMap":{"0":{"loc":{"start":{"line":15,"column":13},"end":{"line":15,"column":77}},"type":"binary-expr","locations":[{"start":{"line":15,"column":13},"end":{"line":15,"column":44}},{"start":{"line":15,"column":48},"end":{"line":15,"column":77}}]},"1":{"loc":{"start":{"line":21,"column":13},"end":{"line":21,"column":77}},"type":"binary-expr","locations":[{"start":{"line":21,"column":13},"end":{"line":21,"column":41}},{"start":{"line":21,"column":45},"end":{"line":21,"column":77}}]},"2":{"loc":{"start":{"line":27,"column":13},"end":{"line":27,"column":70}},"type":"binary-expr","locations":[{"start":{"line":27,"column":13},"end":{"line":27,"column":39}},{"start":{"line":27,"column":43},"end":{"line":27,"column":70}}]},"3":{"loc":{"start":{"line":55,"column":2},"end":{"line":64,"column":3}},"type":"if","locations":[{"start":{"line":55,"column":2},"end":{"line":64,"column":3}},{"start":{},"end":{}}]}},"s":{"0":0,"1":0,"2":0,"3":0,"4":0,"5":0,"6":0,"7":0,"8":0,"9":0,"10":0,"11":0,"12":0},"f":{"0":0,"1":0,"2":0,"3":0,"4":0,"5":0},"b":{"0":[0,0],"1":[0,0],"2":[0,0],"3":[0,0]}}
,"C:\\Projects\\vizora\\vizora\\middleware\\src\\modules\\content\\content.controller.ts": {"path":"C:\\Projects\\vizora\\vizora\\middleware\\src\\modules\\content\\content.controller.ts","statementMap":{"0":{"start":{"line":1,"column":0},"end":{"line":1,"column":null}},"1":{"start":{"line":11,"column":0},"end":{"line":11,"column":51}},"2":{"start":{"line":12,"column":0},"end":{"line":12,"column":60}},"3":{"start":{"line":13,"column":0},"end":{"line":13,"column":60}},"4":{"start":{"line":14,"column":0},"end":{"line":14,"column":61}},"5":{"start":{"line":15,"column":0},"end":{"line":15,"column":72}},"6":{"start":{"line":18,"column":7},"end":{"line":71,"column":null}},"7":{"start":{"line":19,"column":31},"end":{"line":19,"column":47}},"8":{"start":{"line":26,"column":4},"end":{"line":26,"column":72}},"9":{"start":{"line":36,"column":4},"end":{"line":36,"column":85}},"10":{"start":{"line":44,"column":4},"end":{"line":44,"column":59}},"11":{"start":{"line":53,"column":4},"end":{"line":53,"column":76}},"12":{"start":{"line":61,"column":4},"end":{"line":61,"column":59}},"13":{"start":{"line":69,"column":4},"end":{"line":69,"column":58}},"14":{"start":{"line":18,"column":13},"end":{"line":18,"column":30}},"15":{"start":{"line":22,"column":2},"end":{"line":27,"column":null}},"16":{"start":{"line":30,"column":2},"end":{"line":37,"column":null}},"17":{"start":{"line":40,"column":2},"end":{"line":45,"column":null}},"18":{"start":{"line":48,"column":2},"end":{"line":54,"column":null}},"19":{"start":{"line":57,"column":2},"end":{"line":62,"column":null}},"20":{"start":{"line":65,"column":2},"end":{"line":70,"column":null}},"21":{"start":{"line":18,"column":13},"end":{"line":71,"column":null}}},"fnMap":{"0":{"name":"(anonymous_0)","decl":{"start":{"line":19,"column":2},"end":{"line":19,"column":31}},"loc":{"start":{"line":19,"column":61},"end":{"line":19,"column":65}}},"1":{"name":"(anonymous_1)","decl":{"start":{"line":22,"column":2},"end":{"line":22,"column":8}},"loc":{"start":{"line":24,"column":46},"end":{"line":27,"column":3}}},"2":{"name":"(anonymous_2)","decl":{"start":{"line":30,"column":2},"end":{"line":30,"column":9}},"loc":{"start":{"line":34,"column":36},"end":{"line":37,"column":3}}},"3":{"name":"(anonymous_3)","decl":{"start":{"line":40,"column":2},"end":{"line":40,"column":9}},"loc":{"start":{"line":42,"column":27},"end":{"line":45,"column":3}}},"4":{"name":"(anonymous_4)","decl":{"start":{"line":48,"column":2},"end":{"line":48,"column":8}},"loc":{"start":{"line":51,"column":46},"end":{"line":54,"column":3}}},"5":{"name":"(anonymous_5)","decl":{"start":{"line":57,"column":2},"end":{"line":57,"column":9}},"loc":{"start":{"line":59,"column":27},"end":{"line":62,"column":3}}},"6":{"name":"(anonymous_6)","decl":{"start":{"line":65,"column":2},"end":{"line":65,"column":8}},"loc":{"start":{"line":67,"column":27},"end":{"line":70,"column":3}}}},"branchMap":{"0":{"loc":{"start":{"line":24,"column":30},"end":{"line":24,"column":null}},"type":"cond-expr","locations":[{"start":{"line":24,"column":46},"end":{"line":24,"column":null}},{"start":{"line":24,"column":46},"end":{"line":24,"column":null}}]},"1":{"loc":{"start":{"line":24,"column":30},"end":{"line":24,"column":46}},"type":"binary-expr","locations":[{"start":{"line":24,"column":30},"end":{"line":24,"column":null}},{"start":{"line":24,"column":30},"end":{"line":24,"column":46}}]},"2":{"loc":{"start":{"line":32,"column":25},"end":{"line":32,"column":null}},"type":"cond-expr","locations":[{"start":{"line":32,"column":38},"end":{"line":32,"column":null}},{"start":{"line":32,"column":38},"end":{"line":32,"column":null}}]},"3":{"loc":{"start":{"line":32,"column":25},"end":{"line":32,"column":38}},"type":"binary-expr","locations":[{"start":{"line":32,"column":25},"end":{"line":32,"column":null}},{"start":{"line":32,"column":25},"end":{"line":32,"column":38}}]},"4":{"loc":{"start":{"line":51,"column":30},"end":{"line":51,"column":null}},"type":"cond-expr","locations":[{"start":{"line":51,"column":46},"end":{"line":51,"column":null}},{"start":{"line":51,"column":46},"end":{"line":51,"column":null}}]},"5":{"loc":{"start":{"line":51,"column":30},"end":{"line":51,"column":46}},"type":"binary-expr","locations":[{"start":{"line":51,"column":30},"end":{"line":51,"column":null}},{"start":{"line":51,"column":30},"end":{"line":51,"column":46}}]},"6":{"loc":{"start":{"line":19,"column":47},"end":{"line":19,"column":64}},"type":"cond-expr","locations":[{"start":{"line":19,"column":61},"end":{"line":19,"column":64}},{"start":{"line":19,"column":61},"end":{"line":19,"column":64}}]},"7":{"loc":{"start":{"line":19,"column":47},"end":{"line":19,"column":61}},"type":"binary-expr","locations":[{"start":{"line":19,"column":47},"end":{"line":19,"column":64}},{"start":{"line":19,"column":47},"end":{"line":19,"column":61}}]}},"s":{"0":0,"1":0,"2":0,"3":0,"4":0,"5":0,"6":0,"7":0,"8":0,"9":0,"10":0,"11":0,"12":0,"13":0,"14":0,"15":0,"16":0,"17":0,"18":0,"19":0,"20":0,"21":0},"f":{"0":0,"1":0,"2":0,"3":0,"4":0,"5":0,"6":0},"b":{"0":[0,0],"1":[0,0],"2":[0,0],"3":[0,0],"4":[0,0],"5":[0,0],"6":[0,0],"7":[0,0]}}
,"C:\\Projects\\vizora\\vizora\\middleware\\src\\modules\\content\\content.module.ts": {"path":"C:\\Projects\\vizora\\vizora\\middleware\\src\\modules\\content\\content.module.ts","statementMap":{"0":{"start":{"line":1,"column":0},"end":{"line":1,"column":40}},"1":{"start":{"line":2,"column":0},"end":{"line":2,"column":51}},"2":{"start":{"line":3,"column":0},"end":{"line":3,"column":57}},"3":{"start":{"line":10,"column":7},"end":{"line":10,"column":null}},"4":{"start":{"line":10,"column":13},"end":{"line":10,"column":26}},"5":{"start":{"line":10,"column":13},"end":{"line":10,"column":null}}},"fnMap":{},"branchMap":{},"s":{"0":0,"1":0,"2":0,"3":0,"4":0,"5":0},"f":{},"b":{}}
,"C:\\Projects\\vizora\\vizora\\middleware\\src\\modules\\content\\content.service.ts": {"path":"C:\\Projects\\vizora\\vizora\\middleware\\src\\modules\\content\\content.service.ts","statementMap":{"0":{"start":{"line":1,"column":0},"end":{"line":1,"column":63}},"1":{"start":{"line":2,"column":0},"end":{"line":2,"column":63}},"2":{"start":{"line":5,"column":0},"end":{"line":5,"column":80}},"3":{"start":{"line":8,"column":7},"end":{"line":99,"column":null}},"4":{"start":{"line":9,"column":31},"end":{"line":9,"column":35}},"5":{"start":{"line":12,"column":4},"end":{"line":17,"column":7}},"6":{"start":{"line":25,"column":37},"end":{"line":25,"column":47}},"7":{"start":{"line":26,"column":17},"end":{"line":26,"column":35}},"8":{"start":{"line":28,"column":23},"end":{"line":28,"column":41}},"9":{"start":{"line":29,"column":4},"end":{"line":29,"column":49}},"10":{"start":{"line":29,"column":23},"end":{"line":29,"column":49}},"11":{"start":{"line":30,"column":4},"end":{"line":30,"column":55}},"12":{"start":{"line":30,"column":25},"end":{"line":30,"column":55}},"13":{"start":{"line":32,"column":26},"end":{"line":47,"column":6}},"14":{"start":{"line":49,"column":4},"end":{"line":49,"column":59}},"15":{"start":{"line":53,"column":20},"end":{"line":67,"column":6}},"16":{"start":{"line":69,"column":4},"end":{"line":71,"column":5}},"17":{"start":{"line":70,"column":6},"end":{"line":70,"column":55}},"18":{"start":{"line":73,"column":4},"end":{"line":73,"column":19}},"19":{"start":{"line":77,"column":4},"end":{"line":77,"column":43}},"20":{"start":{"line":79,"column":4},"end":{"line":82,"column":7}},"21":{"start":{"line":86,"column":4},"end":{"line":86,"column":43}},"22":{"start":{"line":87,"column":4},"end":{"line":89,"column":7}},"23":{"start":{"line":93,"column":4},"end":{"line":93,"column":43}},"24":{"start":{"line":94,"column":4},"end":{"line":97,"column":7}},"25":{"start":{"line":8,"column":13},"end":{"line":8,"column":27}},"26":{"start":{"line":8,"column":13},"end":{"line":99,"column":null}}},"fnMap":{"0":{"name":"(anonymous_0)","decl":{"start":{"line":9,"column":2},"end":{"line":9,"column":31}},"loc":{"start":{"line":9,"column":50},"end":{"line":9,"column":54}}},"1":{"name":"(anonymous_1)","decl":{"start":{"line":11,"column":2},"end":{"line":11,"column":7}},"loc":{"start":{"line":11,"column":73},"end":{"line":18,"column":3}}},"2":{"name":"(anonymous_2)","decl":{"start":{"line":20,"column":2},"end":{"line":20,"column":7}},"loc":{"start":{"line":23,"column":48},"end":{"line":50,"column":3}}},"3":{"name":"(anonymous_3)","decl":{"start":{"line":52,"column":2},"end":{"line":52,"column":7}},"loc":{"start":{"line":52,"column":50},"end":{"line":74,"column":3}}},"4":{"name":"(anonymous_4)","decl":{"start":{"line":76,"column":2},"end":{"line":76,"column":7}},"loc":{"start":{"line":76,"column":85},"end":{"line":83,"column":3}}},"5":{"name":"(anonymous_5)","decl":{"start":{"line":85,"column":2},"end":{"line":85,"column":7}},"loc":{"start":{"line":85,"column":49},"end":{"line":90,"column":3}}},"6":{"name":"(anonymous_6)","decl":{"start":{"line":92,"column":2},"end":{"line":92,"column":7}},"loc":{"start":{"line":92,"column":50},"end":{"line":98,"column":3}}}},"branchMap":{"0":{"loc":{"start":{"line":25,"column":12},"end":{"line":25,"column":20}},"type":"default-arg","locations":[{"start":{"line":25,"column":19},"end":{"line":25,"column":20}}]},"1":{"loc":{"start":{"line":25,"column":22},"end":{"line":25,"column":32}},"type":"default-arg","locations":[{"start":{"line":25,"column":30},"end":{"line":25,"column":32}}]},"2":{"loc":{"start":{"line":29,"column":4},"end":{"line":29,"column":49}},"type":"if","locations":[{"start":{"line":29,"column":4},"end":{"line":29,"column":49}},{"start":{},"end":{}}]},"3":{"loc":{"start":{"line":30,"column":4},"end":{"line":30,"column":55}},"type":"if","locations":[{"start":{"line":30,"column":4},"end":{"line":30,"column":55}},{"start":{},"end":{}}]},"4":{"loc":{"start":{"line":69,"column":4},"end":{"line":71,"column":5}},"type":"if","locations":[{"start":{"line":69,"column":4},"end":{"line":71,"column":5}},{"start":{},"end":{}}]},"5":{"loc":{"start":{"line":9,"column":35},"end":{"line":9,"column":53}},"type":"cond-expr","locations":[{"start":{"line":9,"column":50},"end":{"line":9,"column":53}},{"start":{"line":9,"column":50},"end":{"line":9,"column":53}}]},"6":{"loc":{"start":{"line":9,"column":35},"end":{"line":9,"column":50}},"type":"binary-expr","locations":[{"start":{"line":9,"column":35},"end":{"line":9,"column":53}},{"start":{"line":9,"column":35},"end":{"line":9,"column":50}}]}},"s":{"0":1,"1":1,"2":1,"3":1,"4":13,"5":1,"6":3,"7":3,"8":3,"9":3,"10":1,"11":3,"12":1,"13":3,"14":3,"15":8,"16":8,"17":4,"18":4,"19":2,"20":1,"21":2,"22":1,"23":1,"24":1,"25":1,"26":1},"f":{"0":13,"1":1,"2":3,"3":8,"4":2,"5":2,"6":1},"b":{"0":[0],"1":[0],"2":[1,2],"3":[1,2],"4":[4,4],"5":[1,0],"6":[1,1]}}
,"C:\\Projects\\vizora\\vizora\\middleware\\src\\modules\\content\\dto\\create-content.dto.ts": {"path":"C:\\Projects\\vizora\\vizora\\middleware\\src\\modules\\content\\dto\\create-content.dto.ts","statementMap":{"0":{"start":{"line":1,"column":0},"end":{"line":1,"column":85}},"1":{"start":{"line":3,"column":0},"end":{"line":3,"column":13}},"2":{"start":{"line":5,"column":2},"end":{"line":5,"column":null}},"3":{"start":{"line":9,"column":2},"end":{"line":9,"column":null}},"4":{"start":{"line":12,"column":2},"end":{"line":12,"column":null}},"5":{"start":{"line":15,"column":2},"end":{"line":15,"column":null}},"6":{"start":{"line":19,"column":2},"end":{"line":19,"column":null}},"7":{"start":{"line":24,"column":2},"end":{"line":24,"column":null}},"8":{"start":{"line":29,"column":2},"end":{"line":29,"column":null}},"9":{"start":{"line":33,"column":2},"end":{"line":33,"column":null}},"10":{"start":{"line":37,"column":2},"end":{"line":37,"column":null}}},"fnMap":{},"branchMap":{"0":{"loc":{"start":{"line":37,"column":13},"end":{"line":37,"column":33}},"type":"cond-expr","locations":[{"start":{"line":37,"column":19},"end":{"line":37,"column":33}},{"start":{"line":37,"column":19},"end":{"line":37,"column":33}}]},"1":{"loc":{"start":{"line":37,"column":13},"end":{"line":37,"column":19}},"type":"binary-expr","locations":[{"start":{"line":37,"column":13},"end":{"line":37,"column":33}},{"start":{"line":37,"column":13},"end":{"line":37,"column":19}}]}},"s":{"0":0,"1":0,"2":0,"3":0,"4":0,"5":0,"6":0,"7":0,"8":0,"9":0,"10":0},"f":{},"b":{"0":[0,0],"1":[0,0]}}
,"C:\\Projects\\vizora\\vizora\\middleware\\src\\modules\\content\\dto\\update-content.dto.ts": {"path":"C:\\Projects\\vizora\\vizora\\middleware\\src\\modules\\content\\dto\\update-content.dto.ts","statementMap":{"0":{"start":{"line":1,"column":0},"end":{"line":1,"column":51}},"1":{"start":{"line":2,"column":0},"end":{"line":2,"column":56}},"2":{"start":{"line":4,"column":0},"end":{"line":4,"column":13}}},"fnMap":{},"branchMap":{},"s":{"0":0,"1":0,"2":0},"f":{},"b":{}}
,"C:\\Projects\\vizora\\vizora\\middleware\\src\\modules\\database\\database.module.ts": {"path":"C:\\Projects\\vizora\\vizora\\middleware\\src\\modules\\database\\database.module.ts","statementMap":{"0":{"start":{"line":1,"column":0},"end":{"line":1,"column":48}},"1":{"start":{"line":2,"column":0},"end":{"line":2,"column":53}},"2":{"start":{"line":9,"column":7},"end":{"line":9,"column":null}},"3":{"start":{"line":9,"column":13},"end":{"line":9,"column":27}},"4":{"start":{"line":9,"column":13},"end":{"line":9,"column":null}}},"fnMap":{},"branchMap":{},"s":{"0":0,"1":0,"2":0,"3":0,"4":0},"f":{},"b":{}}
,"C:\\Projects\\vizora\\vizora\\middleware\\src\\modules\\database\\database.service.ts": {"path":"C:\\Projects\\vizora\\vizora\\middleware\\src\\modules\\database\\database.service.ts","statementMap":{"0":{"start":{"line":1,"column":0},"end":{"line":1,"column":75}},"1":{"start":{"line":2,"column":0},"end":{"line":2,"column":48}},"2":{"start":{"line":5,"column":7},"end":{"line":13,"column":null}},"3":{"start":{"line":7,"column":4},"end":{"line":7,"column":26}},"4":{"start":{"line":11,"column":4},"end":{"line":11,"column":29}},"5":{"start":{"line":5,"column":13},"end":{"line":5,"column":28}},"6":{"start":{"line":5,"column":13},"end":{"line":13,"column":null}}},"fnMap":{"0":{"name":"(anonymous_0)","decl":{"start":{"line":6,"column":2},"end":{"line":6,"column":7}},"loc":{"start":{"line":6,"column":20},"end":{"line":8,"column":3}}},"1":{"name":"(anonymous_1)","decl":{"start":{"line":10,"column":2},"end":{"line":10,"column":7}},"loc":{"start":{"line":10,"column":23},"end":{"line":12,"column":3}}}},"branchMap":{},"s":{"0":5,"1":5,"2":5,"3":0,"4":0,"5":5,"6":5},"f":{"0":0,"1":0},"b":{}}
,"C:\\Projects\\vizora\\vizora\\middleware\\src\\modules\\displays\\displays.controller.ts": {"path":"C:\\Projects\\vizora\\vizora\\middleware\\src\\modules\\displays\\displays.controller.ts","statementMap":{"0":{"start":{"line":1,"column":0},"end":{"line":1,"column":null}},"1":{"start":{"line":11,"column":0},"end":{"line":11,"column":53}},"2":{"start":{"line":12,"column":0},"end":{"line":12,"column":60}},"3":{"start":{"line":13,"column":0},"end":{"line":13,"column":60}},"4":{"start":{"line":14,"column":0},"end":{"line":14,"column":61}},"5":{"start":{"line":15,"column":0},"end":{"line":15,"column":72}},"6":{"start":{"line":16,"column":0},"end":{"line":16,"column":61}},"7":{"start":{"line":19,"column":7},"end":{"line":68,"column":null}},"8":{"start":{"line":20,"column":31},"end":{"line":20,"column":48}},"9":{"start":{"line":27,"column":4},"end":{"line":27,"column":73}},"10":{"start":{"line":35,"column":4},"end":{"line":35,"column":68}},"11":{"start":{"line":43,"column":4},"end":{"line":43,"column":60}},"12":{"start":{"line":52,"column":4},"end":{"line":52,"column":77}},"13":{"start":{"line":58,"column":4},"end":{"line":58,"column":58}},"14":{"start":{"line":66,"column":4},"end":{"line":66,"column":59}},"15":{"start":{"line":19,"column":13},"end":{"line":19,"column":31}},"16":{"start":{"line":23,"column":2},"end":{"line":28,"column":null}},"17":{"start":{"line":31,"column":2},"end":{"line":36,"column":null}},"18":{"start":{"line":39,"column":2},"end":{"line":44,"column":null}},"19":{"start":{"line":47,"column":2},"end":{"line":53,"column":null}},"20":{"start":{"line":57,"column":2},"end":{"line":59,"column":null}},"21":{"start":{"line":62,"column":2},"end":{"line":67,"column":null}},"22":{"start":{"line":19,"column":13},"end":{"line":68,"column":null}}},"fnMap":{"0":{"name":"(anonymous_0)","decl":{"start":{"line":20,"column":2},"end":{"line":20,"column":31}},"loc":{"start":{"line":20,"column":63},"end":{"line":20,"column":67}}},"1":{"name":"(anonymous_1)","decl":{"start":{"line":23,"column":2},"end":{"line":23,"column":8}},"loc":{"start":{"line":25,"column":46},"end":{"line":28,"column":3}}},"2":{"name":"(anonymous_2)","decl":{"start":{"line":31,"column":2},"end":{"line":31,"column":9}},"loc":{"start":{"line":33,"column":38},"end":{"line":36,"column":3}}},"3":{"name":"(anonymous_3)","decl":{"start":{"line":39,"column":2},"end":{"line":39,"column":9}},"loc":{"start":{"line":41,"column":27},"end":{"line":44,"column":3}}},"4":{"name":"(anonymous_4)","decl":{"start":{"line":47,"column":2},"end":{"line":47,"column":8}},"loc":{"start":{"line":50,"column":46},"end":{"line":53,"column":3}}},"5":{"name":"(anonymous_5)","decl":{"start":{"line":57,"column":2},"end":{"line":57,"column":11}},"loc":{"start":{"line":57,"column":47},"end":{"line":59,"column":3}}},"6":{"name":"(anonymous_6)","decl":{"start":{"line":62,"column":2},"end":{"line":62,"column":8}},"loc":{"start":{"line":64,"column":27},"end":{"line":67,"column":3}}}},"branchMap":{"0":{"loc":{"start":{"line":25,"column":30},"end":{"line":25,"column":null}},"type":"cond-expr","locations":[{"start":{"line":25,"column":46},"end":{"line":25,"column":null}},{"start":{"line":25,"column":46},"end":{"line":25,"column":null}}]},"1":{"loc":{"start":{"line":25,"column":30},"end":{"line":25,"column":46}},"type":"binary-expr","locations":[{"start":{"line":25,"column":30},"end":{"line":25,"column":null}},{"start":{"line":25,"column":30},"end":{"line":25,"column":46}}]},"2":{"loc":{"start":{"line":33,"column":25},"end":{"line":33,"column":null}},"type":"cond-expr","locations":[{"start":{"line":33,"column":38},"end":{"line":33,"column":null}},{"start":{"line":33,"column":38},"end":{"line":33,"column":null}}]},"3":{"loc":{"start":{"line":33,"column":25},"end":{"line":33,"column":38}},"type":"binary-expr","locations":[{"start":{"line":33,"column":25},"end":{"line":33,"column":null}},{"start":{"line":33,"column":25},"end":{"line":33,"column":38}}]},"4":{"loc":{"start":{"line":50,"column":30},"end":{"line":50,"column":null}},"type":"cond-expr","locations":[{"start":{"line":50,"column":46},"end":{"line":50,"column":null}},{"start":{"line":50,"column":46},"end":{"line":50,"column":null}}]},"5":{"loc":{"start":{"line":50,"column":30},"end":{"line":50,"column":46}},"type":"binary-expr","locations":[{"start":{"line":50,"column":30},"end":{"line":50,"column":null}},{"start":{"line":50,"column":30},"end":{"line":50,"column":46}}]},"6":{"loc":{"start":{"line":20,"column":48},"end":{"line":20,"column":66}},"type":"cond-expr","locations":[{"start":{"line":20,"column":63},"end":{"line":20,"column":66}},{"start":{"line":20,"column":63},"end":{"line":20,"column":66}}]},"7":{"loc":{"start":{"line":20,"column":48},"end":{"line":20,"column":63}},"type":"binary-expr","locations":[{"start":{"line":20,"column":48},"end":{"line":20,"column":66}},{"start":{"line":20,"column":48},"end":{"line":20,"column":63}}]}},"s":{"0":0,"1":0,"2":0,"3":0,"4":0,"5":0,"6":0,"7":0,"8":0,"9":0,"10":0,"11":0,"12":0,"13":0,"14":0,"15":0,"16":0,"17":0,"18":0,"19":0,"20":0,"21":0,"22":0},"f":{"0":0,"1":0,"2":0,"3":0,"4":0,"5":0,"6":0},"b":{"0":[0,0],"1":[0,0],"2":[0,0],"3":[0,0],"4":[0,0],"5":[0,0],"6":[0,0],"7":[0,0]}}
,"C:\\Projects\\vizora\\vizora\\middleware\\src\\modules\\displays\\displays.module.ts": {"path":"C:\\Projects\\vizora\\vizora\\middleware\\src\\modules\\displays\\displays.module.ts","statementMap":{"0":{"start":{"line":1,"column":0},"end":{"line":1,"column":40}},"1":{"start":{"line":2,"column":0},"end":{"line":2,"column":53}},"2":{"start":{"line":3,"column":0},"end":{"line":3,"column":59}},"3":{"start":{"line":10,"column":7},"end":{"line":10,"column":null}},"4":{"start":{"line":10,"column":13},"end":{"line":10,"column":27}},"5":{"start":{"line":10,"column":13},"end":{"line":10,"column":null}}},"fnMap":{},"branchMap":{},"s":{"0":0,"1":0,"2":0,"3":0,"4":0,"5":0},"f":{},"b":{}}
,"C:\\Projects\\vizora\\vizora\\middleware\\src\\modules\\displays\\displays.service.ts": {"path":"C:\\Projects\\vizora\\vizora\\middleware\\src\\modules\\displays\\displays.service.ts","statementMap":{"0":{"start":{"line":1,"column":0},"end":{"line":1,"column":82}},"1":{"start":{"line":2,"column":0},"end":{"line":2,"column":63}},"2":{"start":{"line":5,"column":0},"end":{"line":5,"column":80}},"3":{"start":{"line":8,"column":7},"end":{"line":130,"column":null}},"4":{"start":{"line":9,"column":31},"end":{"line":9,"column":35}},"5":{"start":{"line":12,"column":40},"end":{"line":12,"column":56}},"6":{"start":{"line":14,"column":21},"end":{"line":16,"column":6}},"7":{"start":{"line":18,"column":4},"end":{"line":20,"column":5}},"8":{"start":{"line":19,"column":6},"end":{"line":19,"column":80}},"9":{"start":{"line":22,"column":4},"end":{"line":29,"column":7}},"10":{"start":{"line":33,"column":37},"end":{"line":33,"column":47}},"11":{"start":{"line":34,"column":17},"end":{"line":34,"column":35}},"12":{"start":{"line":36,"column":26},"end":{"line":51,"column":6}},"13":{"start":{"line":53,"column":4},"end":{"line":53,"column":59}},"14":{"start":{"line":57,"column":20},"end":{"line":77,"column":6}},"15":{"start":{"line":79,"column":4},"end":{"line":81,"column":5}},"16":{"start":{"line":80,"column":6},"end":{"line":80,"column":55}},"17":{"start":{"line":83,"column":4},"end":{"line":83,"column":19}},"18":{"start":{"line":87,"column":4},"end":{"line":87,"column":43}},"19":{"start":{"line":89,"column":40},"end":{"line":89,"column":56}},"20":{"start":{"line":91,"column":4},"end":{"line":102,"column":5}},"21":{"start":{"line":92,"column":23},"end":{"line":97,"column":8}},"22":{"start":{"line":99,"column":6},"end":{"line":101,"column":7}},"23":{"start":{"line":100,"column":8},"end":{"line":100,"column":82}},"24":{"start":{"line":104,"column":4},"end":{"line":111,"column":7}},"25":{"start":{"line":115,"column":4},"end":{"line":121,"column":7}},"26":{"start":{"line":125,"column":4},"end":{"line":125,"column":43}},"27":{"start":{"line":126,"column":4},"end":{"line":128,"column":7}},"28":{"start":{"line":8,"column":13},"end":{"line":8,"column":28}},"29":{"start":{"line":8,"column":13},"end":{"line":130,"column":null}}},"fnMap":{"0":{"name":"(anonymous_0)","decl":{"start":{"line":9,"column":2},"end":{"line":9,"column":31}},"loc":{"start":{"line":9,"column":50},"end":{"line":9,"column":54}}},"1":{"name":"(anonymous_1)","decl":{"start":{"line":11,"column":2},"end":{"line":11,"column":7}},"loc":{"start":{"line":11,"column":73},"end":{"line":30,"column":3}}},"2":{"name":"(anonymous_2)","decl":{"start":{"line":32,"column":2},"end":{"line":32,"column":7}},"loc":{"start":{"line":32,"column":65},"end":{"line":54,"column":3}}},"3":{"name":"(anonymous_3)","decl":{"start":{"line":56,"column":2},"end":{"line":56,"column":7}},"loc":{"start":{"line":56,"column":50},"end":{"line":84,"column":3}}},"4":{"name":"(anonymous_4)","decl":{"start":{"line":86,"column":2},"end":{"line":86,"column":7}},"loc":{"start":{"line":86,"column":85},"end":{"line":112,"column":3}}},"5":{"name":"(anonymous_5)","decl":{"start":{"line":114,"column":2},"end":{"line":114,"column":7}},"loc":{"start":{"line":114,"column":48},"end":{"line":122,"column":3}}},"6":{"name":"(anonymous_6)","decl":{"start":{"line":124,"column":2},"end":{"line":124,"column":7}},"loc":{"start":{"line":124,"column":49},"end":{"line":129,"column":3}}}},"branchMap":{"0":{"loc":{"start":{"line":18,"column":4},"end":{"line":20,"column":5}},"type":"if","locations":[{"start":{"line":18,"column":4},"end":{"line":20,"column":5}},{"start":{},"end":{}}]},"1":{"loc":{"start":{"line":33,"column":12},"end":{"line":33,"column":20}},"type":"default-arg","locations":[{"start":{"line":33,"column":19},"end":{"line":33,"column":20}}]},"2":{"loc":{"start":{"line":33,"column":22},"end":{"line":33,"column":32}},"type":"default-arg","locations":[{"start":{"line":33,"column":30},"end":{"line":33,"column":32}}]},"3":{"loc":{"start":{"line":79,"column":4},"end":{"line":81,"column":5}},"type":"if","locations":[{"start":{"line":79,"column":4},"end":{"line":81,"column":5}},{"start":{},"end":{}}]},"4":{"loc":{"start":{"line":91,"column":4},"end":{"line":102,"column":5}},"type":"if","locations":[{"start":{"line":91,"column":4},"end":{"line":102,"column":5}},{"start":{},"end":{}}]},"5":{"loc":{"start":{"line":99,"column":6},"end":{"line":101,"column":7}},"type":"if","locations":[{"start":{"line":99,"column":6},"end":{"line":101,"column":7}},{"start":{},"end":{}}]},"6":{"loc":{"start":{"line":108,"column":12},"end":{"line":108,"column":54}},"type":"binary-expr","locations":[{"start":{"line":108,"column":12},"end":{"line":108,"column":20}},{"start":{"line":108,"column":24},"end":{"line":108,"column":54}}]},"7":{"loc":{"start":{"line":109,"column":12},"end":{"line":109,"column":38}},"type":"binary-expr","locations":[{"start":{"line":109,"column":12},"end":{"line":109,"column":16}},{"start":{"line":109,"column":20},"end":{"line":109,"column":38}}]},"8":{"loc":{"start":{"line":9,"column":35},"end":{"line":9,"column":53}},"type":"cond-expr","locations":[{"start":{"line":9,"column":50},"end":{"line":9,"column":53}},{"start":{"line":9,"column":50},"end":{"line":9,"column":53}}]},"9":{"loc":{"start":{"line":9,"column":35},"end":{"line":9,"column":50}},"type":"binary-expr","locations":[{"start":{"line":9,"column":35},"end":{"line":9,"column":53}},{"start":{"line":9,"column":35},"end":{"line":9,"column":50}}]}},"s":{"0":0,"1":0,"2":0,"3":0,"4":0,"5":0,"6":0,"7":0,"8":0,"9":0,"10":0,"11":0,"12":0,"13":0,"14":0,"15":0,"16":0,"17":0,"18":0,"19":0,"20":0,"21":0,"22":0,"23":0,"24":0,"25":0,"26":0,"27":0,"28":0,"29":0},"f":{"0":0,"1":0,"2":0,"3":0,"4":0,"5":0,"6":0},"b":{"0":[0,0],"1":[0],"2":[0],"3":[0,0],"4":[0,0],"5":[0,0],"6":[0,0],"7":[0,0],"8":[0,0],"9":[0,0]}}
,"C:\\Projects\\vizora\\vizora\\middleware\\src\\modules\\displays\\dto\\create-display.dto.ts": {"path":"C:\\Projects\\vizora\\vizora\\middleware\\src\\modules\\displays\\dto\\create-display.dto.ts","statementMap":{"0":{"start":{"line":1,"column":0},"end":{"line":1,"column":73}},"1":{"start":{"line":3,"column":0},"end":{"line":3,"column":13}},"2":{"start":{"line":5,"column":2},"end":{"line":5,"column":null}},"3":{"start":{"line":9,"column":2},"end":{"line":9,"column":null}},"4":{"start":{"line":13,"column":2},"end":{"line":13,"column":null}},"5":{"start":{"line":16,"column":2},"end":{"line":16,"column":null}},"6":{"start":{"line":20,"column":2},"end":{"line":20,"column":null}},"7":{"start":{"line":24,"column":2},"end":{"line":24,"column":null}},"8":{"start":{"line":28,"column":2},"end":{"line":28,"column":null}},"9":{"start":{"line":32,"column":2},"end":{"line":32,"column":null}}},"fnMap":{},"branchMap":{"0":{"loc":{"start":{"line":32,"column":13},"end":{"line":32,"column":33}},"type":"cond-expr","locations":[{"start":{"line":32,"column":19},"end":{"line":32,"column":33}},{"start":{"line":32,"column":19},"end":{"line":32,"column":33}}]},"1":{"loc":{"start":{"line":32,"column":13},"end":{"line":32,"column":19}},"type":"binary-expr","locations":[{"start":{"line":32,"column":13},"end":{"line":32,"column":33}},{"start":{"line":32,"column":13},"end":{"line":32,"column":19}}]}},"s":{"0":0,"1":0,"2":0,"3":0,"4":0,"5":0,"6":0,"7":0,"8":0,"9":0},"f":{},"b":{"0":[0,0],"1":[0,0]}}
,"C:\\Projects\\vizora\\vizora\\middleware\\src\\modules\\displays\\dto\\update-display.dto.ts": {"path":"C:\\Projects\\vizora\\vizora\\middleware\\src\\modules\\displays\\dto\\update-display.dto.ts","statementMap":{"0":{"start":{"line":1,"column":0},"end":{"line":1,"column":51}},"1":{"start":{"line":2,"column":0},"end":{"line":2,"column":56}},"2":{"start":{"line":4,"column":0},"end":{"line":4,"column":13}}},"fnMap":{},"branchMap":{},"s":{"0":0,"1":0,"2":0},"f":{},"b":{}}
,"C:\\Projects\\vizora\\vizora\\middleware\\src\\modules\\health\\health.controller.ts": {"path":"C:\\Projects\\vizora\\vizora\\middleware\\src\\modules\\health\\health.controller.ts","statementMap":{"0":{"start":{"line":1,"column":0},"end":{"line":1,"column":76}},"1":{"start":{"line":2,"column":0},"end":{"line":2,"column":49}},"2":{"start":{"line":3,"column":0},"end":{"line":3,"column":49}},"3":{"start":{"line":4,"column":0},"end":{"line":4,"column":61}},"4":{"start":{"line":8,"column":7},"end":{"line":43,"column":null}},"5":{"start":{"line":9,"column":31},"end":{"line":9,"column":46}},"6":{"start":{"line":17,"column":4},"end":{"line":17,"column":65}},"7":{"start":{"line":26,"column":19},"end":{"line":26,"column":51}},"8":{"start":{"line":28,"column":4},"end":{"line":30,"column":5}},"9":{"start":{"line":29,"column":6},"end":{"line":29,"column":70}},"10":{"start":{"line":32,"column":4},"end":{"line":32,"column":18}},"11":{"start":{"line":41,"column":4},"end":{"line":41,"column":65}},"12":{"start":{"line":8,"column":13},"end":{"line":8,"column":29}},"13":{"start":{"line":16,"column":8},"end":{"line":18,"column":null}},"14":{"start":{"line":25,"column":8},"end":{"line":33,"column":null}},"15":{"start":{"line":40,"column":8},"end":{"line":42,"column":null}},"16":{"start":{"line":8,"column":13},"end":{"line":43,"column":null}}},"fnMap":{"0":{"name":"(anonymous_0)","decl":{"start":{"line":9,"column":2},"end":{"line":9,"column":31}},"loc":{"start":{"line":9,"column":59},"end":{"line":9,"column":63}}},"1":{"name":"(anonymous_1)","decl":{"start":{"line":16,"column":8},"end":{"line":16,"column":14}},"loc":{"start":{"line":16,"column":14},"end":{"line":18,"column":3}}},"2":{"name":"(anonymous_2)","decl":{"start":{"line":25,"column":8},"end":{"line":25,"column":13}},"loc":{"start":{"line":25,"column":13},"end":{"line":33,"column":3}}},"3":{"name":"(anonymous_3)","decl":{"start":{"line":40,"column":8},"end":{"line":40,"column":12}},"loc":{"start":{"line":40,"column":12},"end":{"line":42,"column":3}}}},"branchMap":{"0":{"loc":{"start":{"line":28,"column":4},"end":{"line":30,"column":5}},"type":"if","locations":[{"start":{"line":28,"column":4},"end":{"line":30,"column":5}},{"start":{},"end":{}}]},"1":{"loc":{"start":{"line":9,"column":46},"end":{"line":9,"column":62}},"type":"cond-expr","locations":[{"start":{"line":9,"column":59},"end":{"line":9,"column":62}},{"start":{"line":9,"column":59},"end":{"line":9,"column":62}}]},"2":{"loc":{"start":{"line":9,"column":46},"end":{"line":9,"column":59}},"type":"binary-expr","locations":[{"start":{"line":9,"column":46},"end":{"line":9,"column":62}},{"start":{"line":9,"column":46},"end":{"line":9,"column":59}}]}},"s":{"0":0,"1":0,"2":0,"3":0,"4":0,"5":0,"6":0,"7":0,"8":0,"9":0,"10":0,"11":0,"12":0,"13":0,"14":0,"15":0,"16":0},"f":{"0":0,"1":0,"2":0,"3":0},"b":{"0":[0,0],"1":[0,0],"2":[0,0]}}
[...]
4,"column":30},"end":{"line":44,"column":32}}]},"4":{"loc":{"start":{"line":86,"column":4},"end":{"line":88,"column":5}},"type":"if","locations":[{"start":{"line":86,"column":4},"end":{"line":88,"column":5}},{"start":{},"end":{}}]},"5":{"loc":{"start":{"line":98,"column":4},"end":{"line":102,"column":5}},"type":"if","locations":[{"start":{"line":98,"column":4},"end":{"line":102,"column":5}},{"start":{},"end":{}}]},"6":{"loc":{"start":{"line":108,"column":15},"end":{"line":116,"column":21}},"type":"cond-expr","locations":[{"start":{"line":109,"column":12},"end":{"line":115,"column":null}},{"start":{"line":116,"column":12},"end":{"line":116,"column":21}}]},"7":{"loc":{"start":{"line":112,"column":23},"end":{"line":112,"column":42}},"type":"binary-expr","locations":[{"start":{"line":112,"column":23},"end":{"line":112,"column":33}},{"start":{"line":112,"column":37},"end":{"line":112,"column":42}}]},"8":{"loc":{"start":{"line":144,"column":16},"end":{"line":144,"column":37}},"type":"binary-expr","locations":[{"start":{"line":144,"column":16},"end":{"line":144,"column":31}},{"start":{"line":144,"column":35},"end":{"line":144,"column":37}}]},"9":{"loc":{"start":{"line":9,"column":35},"end":{"line":9,"column":53}},"type":"cond-expr","locations":[{"start":{"line":9,"column":50},"end":{"line":9,"column":53}},{"start":{"line":9,"column":50},"end":{"line":9,"column":53}}]},"10":{"loc":{"start":{"line":9,"column":35},"end":{"line":9,"column":50}},"type":"binary-expr","locations":[{"start":{"line":9,"column":35},"end":{"line":9,"column":53}},{"start":{"line":9,"column":35},"end":{"line":9,"column":50}}]}},"s":{"0":1,"1":1,"2":1,"3":1,"4":14,"5":2,"6":2,"7":1,"8":2,"9":2,"10":2,"11":2,"12":2,"13":9,"14":9,"15":2,"16":7,"17":2,"18":2,"19":2,"20":1,"21":2,"22":1,"23":2,"24":2,"25":2,"26":1,"27":1,"28":2,"29":1,"30":1,"31":1},"f":{"0":14,"1":2,"2":1,"3":2,"4":9,"5":2,"6":1,"7":2,"8":1,"9":2},"b":{"0":[1,1],"1":[1,0],"2":[0],"3":[0],"4":[2,7],"5":[1,1],"6":[1,1],"7":[1,0],"8":[2,0],"9":[1,0],"10":[1,1]}}
,"C:\\Projects\\vizora\\vizora\\middleware\\src\\modules\\playlists\\dto\\create-playlist.dto.ts": {"path":"C:\\Projects\\vizora\\vizora\\middleware\\src\\modules\\playlists\\dto\\create-playlist.dto.ts","statementMap":{"0":{"start":{"line":1,"column":0},"end":{"line":1,"column":91}},"1":{"start":{"line":2,"column":0},"end":{"line":2,"column":41}},"2":{"start":{"line":4,"column":0},"end":{"line":4,"column":13}},"3":{"start":{"line":6,"column":2},"end":{"line":6,"column":null}},"4":{"start":{"line":9,"column":2},"end":{"line":9,"column":null}},"5":{"start":{"line":12,"column":2},"end":{"line":12,"column":null}},"6":{"start":{"line":15,"column":0},"end":{"line":15,"column":13}},"7":{"start":{"line":17,"column":2},"end":{"line":17,"column":null}},"8":{"start":{"line":21,"column":2},"end":{"line":21,"column":null}},"9":{"start":{"line":25,"column":2},"end":{"line":25,"column":null}},"10":{"start":{"line":31,"column":2},"end":{"line":31,"column":null}},"11":{"start":{"line":30,"column":14},"end":{"line":30,"column":29}}},"fnMap":{"0":{"name":"(anonymous_0)","decl":{"start":{"line":30,"column":8},"end":{"line":30,"column":11}},"loc":{"start":{"line":30,"column":14},"end":{"line":30,"column":29}}}},"branchMap":{},"s":{"0":0,"1":0,"2":0,"3":0,"4":0,"5":0,"6":0,"7":0,"8":0,"9":0,"10":0,"11":0},"f":{"0":0},"b":{}}
,"C:\\Projects\\vizora\\vizora\\middleware\\src\\modules\\playlists\\dto\\update-playlist.dto.ts": {"path":"C:\\Projects\\vizora\\vizora\\middleware\\src\\modules\\playlists\\dto\\update-playlist.dto.ts","statementMap":{"0":{"start":{"line":1,"column":0},"end":{"line":1,"column":51}},"1":{"start":{"line":2,"column":0},"end":{"line":2,"column":58}},"2":{"start":{"line":4,"column":0},"end":{"line":4,"column":13}}},"fnMap":{},"branchMap":{},"s":{"0":0,"1":0,"2":0},"f":{},"b":{}}
,"C:\\Projects\\vizora\\vizora\\middleware\\src\\modules\\schedules\\schedules.controller.ts": {"path":"C:\\Projects\\vizora\\vizora\\middleware\\src\\modules\\schedules\\schedules.controller.ts","statementMap":{"0":{"start":{"line":1,"column":0},"end":{"line":1,"column":null}},"1":{"start":{"line":11,"column":0},"end":{"line":11,"column":55}},"2":{"start":{"line":12,"column":0},"end":{"line":12,"column":62}},"3":{"start":{"line":13,"column":0},"end":{"line":13,"column":62}},"4":{"start":{"line":14,"column":0},"end":{"line":14,"column":61}},"5":{"start":{"line":15,"column":0},"end":{"line":15,"column":72}},"6":{"start":{"line":16,"column":0},"end":{"line":16,"column":61}},"7":{"start":{"line":19,"column":7},"end":{"line":75,"column":null}},"8":{"start":{"line":20,"column":31},"end":{"line":20,"column":49}},"9":{"start":{"line":27,"column":4},"end":{"line":27,"column":75}},"10":{"start":{"line":38,"column":4},"end":{"line":42,"column":7}},"11":{"start":{"line":48,"column":4},"end":{"line":48,"column":64}},"12":{"start":{"line":56,"column":4},"end":{"line":56,"column":61}},"13":{"start":{"line":65,"column":4},"end":{"line":65,"column":79}},"14":{"start":{"line":73,"column":4},"end":{"line":73,"column":60}},"15":{"start":{"line":19,"column":13},"end":{"line":19,"column":32}},"16":{"start":{"line":23,"column":2},"end":{"line":28,"column":null}},"17":{"start":{"line":31,"column":2},"end":{"line":43,"column":null}},"18":{"start":{"line":47,"column":2},"end":{"line":49,"column":null}},"19":{"start":{"line":52,"column":2},"end":{"line":57,"column":null}},"20":{"start":{"line":60,"column":2},"end":{"line":66,"column":null}},"21":{"start":{"line":69,"column":2},"end":{"line":74,"column":null}},"22":{"start":{"line":19,"column":13},"end":{"line":75,"column":null}}},"fnMap":{"0":{"name":"(anonymous_0)","decl":{"start":{"line":20,"column":2},"end":{"line":20,"column":31}},"loc":{"start":{"line":20,"column":65},"end":{"line":20,"column":69}}},"1":{"name":"(anonymous_1)","decl":{"start":{"line":23,"column":2},"end":{"line":23,"column":8}},"loc":{"start":{"line":25,"column":48},"end":{"line":28,"column":3}}},"2":{"name":"(anonymous_2)","decl":{"start":{"line":31,"column":2},"end":{"line":31,"column":9}},"loc":{"start":{"line":36,"column":40},"end":{"line":43,"column":3}}},"3":{"name":"(anonymous_3)","decl":{"start":{"line":47,"column":2},"end":{"line":47,"column":21}},"loc":{"start":{"line":47,"column":59},"end":{"line":49,"column":3}}},"4":{"name":"(anonymous_4)","decl":{"start":{"line":52,"column":2},"end":{"line":52,"column":9}},"loc":{"start":{"line":54,"column":27},"end":{"line":57,"column":3}}},"5":{"name":"(anonymous_5)","decl":{"start":{"line":60,"column":2},"end":{"line":60,"column":8}},"loc":{"start":{"line":63,"column":48},"end":{"line":66,"column":3}}},"6":{"name":"(anonymous_6)","decl":{"start":{"line":69,"column":2},"end":{"line":69,"column":8}},"loc":{"start":{"line":71,"column":27},"end":{"line":74,"column":3}}}},"branchMap":{"0":{"loc":{"start":{"line":41,"column":16},"end":{"line":41,"column":85}},"type":"cond-expr","locations":[{"start":{"line":41,"column":38},"end":{"line":41,"column":42}},{"start":{"line":41,"column":45},"end":{"line":41,"column":85}}]},"1":{"loc":{"start":{"line":41,"column":45},"end":{"line":41,"column":85}},"type":"cond-expr","locations":[{"start":{"line":41,"column":68},"end":{"line":41,"column":73}},{"start":{"line":41,"column":76},"end":{"line":41,"column":85}}]},"2":{"loc":{"start":{"line":25,"column":31},"end":{"line":25,"column":null}},"type":"cond-expr","locations":[{"start":{"line":25,"column":48},"end":{"line":25,"column":null}},{"start":{"line":25,"column":48},"end":{"line":25,"column":null}}]},"3":{"loc":{"start":{"line":25,"column":31},"end":{"line":25,"column":48}},"type":"binary-expr","locations":[{"start":{"line":25,"column":31},"end":{"line":25,"column":null}},{"start":{"line":25,"column":31},"end":{"line":25,"column":48}}]},"4":{"loc":{"start":{"line":33,"column":25},"end":{"line":33,"column":null}},"type":"cond-expr","locations":[{"start":{"line":33,"column":38},"end":{"line":33,"column":null}},{"start":{"line":33,"column":38},"end":{"line":33,"column":null}}]},"5":{"loc":{"start":{"line":33,"column":25},"end":{"line":33,"column":38}},"type":"binary-expr","locations":[{"start":{"line":33,"column":25},"end":{"line":33,"column":null}},{"start":{"line":33,"column":25},"end":{"line":33,"column":38}}]},"6":{"loc":{"start":{"line":63,"column":31},"end":{"line":63,"column":null}},"type":"cond-expr","locations":[{"start":{"line":63,"column":48},"end":{"line":63,"column":null}},{"start":{"line":63,"column":48},"end":{"line":63,"column":null}}]},"7":{"loc":{"start":{"line":63,"column":31},"end":{"line":63,"column":48}},"type":"binary-expr","locations":[{"start":{"line":63,"column":31},"end":{"line":63,"column":null}},{"start":{"line":63,"column":31},"end":{"line":63,"column":48}}]},"8":{"loc":{"start":{"line":20,"column":49},"end":{"line":20,"column":68}},"type":"cond-expr","locations":[{"start":{"line":20,"column":65},"end":{"line":20,"column":68}},{"start":{"line":20,"column":65},"end":{"line":20,"column":68}}]},"9":{"loc":{"start":{"line":20,"column":49},"end":{"line":20,"column":65}},"type":"binary-expr","locations":[{"start":{"line":20,"column":49},"end":{"line":20,"column":68}},{"start":{"line":20,"column":49},"end":{"line":20,"column":65}}]}},"s":{"0":0,"1":0,"2":0,"3":0,"4":0,"5":0,"6":0,"7":0,"8":0,"9":0,"10":0,"11":0,"12":0,"13":0,"14":0,"15":0,"16":0,"17":0,"18":0,"19":0,"20":0,"21":0,"22":0},"f":{"0":0,"1":0,"2":0,"3":0,"4":0,"5":0,"6":0},"b":{"0":[0,0],"1":[0,0],"2":[0,0],"3":[0,0],"4":[0,0],"5":[0,0],"6":[0,0],"7":[0,0],"8":[0,0],"9":[0,0]}}
,"C:\\Projects\\vizora\\vizora\\middleware\\src\\modules\\schedules\\schedules.module.ts": {"path":"C:\\Projects\\vizora\\vizora\\middleware\\src\\modules\\schedules\\schedules.module.ts","statementMap":{"0":{"start":{"line":1,"column":0},"end":{"line":1,"column":40}},"1":{"start":{"line":2,"column":0},"end":{"line":2,"column":55}},"2":{"start":{"line":3,"column":0},"end":{"line":3,"column":61}},"3":{"start":{"line":10,"column":7},"end":{"line":10,"column":null}},"4":{"start":{"line":10,"column":13},"end":{"line":10,"column":28}},"5":{"start":{"line":10,"column":13},"end":{"line":10,"column":null}}},"fnMap":{},"branchMap":{},"s":{"0":0,"1":0,"2":0,"3":0,"4":0,"5":0},"f":{},"b":{}}
,"C:\\Projects\\vizora\\vizora\\middleware\\src\\modules\\schedules\\schedules.service.ts": {"path":"C:\\Projects\\vizora\\vizora\\middleware\\src\\modules\\schedules\\schedules.service.ts","statementMap":{"0":{"start":{"line":1,"column":0},"end":{"line":1,"column":84}},"1":{"start":{"line":2,"column":0},"end":{"line":2,"column":63}},"2":{"start":{"line":5,"column":0},"end":{"line":5,"column":80}},"3":{"start":{"line":8,"column":7},"end":{"line":184,"column":null}},"4":{"start":{"line":9,"column":31},"end":{"line":9,"column":35}},"5":{"start":{"line":12,"column":4},"end":{"line":14,"column":5}},"6":{"start":{"line":13,"column":6},"end":{"line":13,"column":91}},"7":{"start":{"line":16,"column":4},"end":{"line":18,"column":5}},"8":{"start":{"line":17,"column":6},"end":{"line":17,"column":88}},"9":{"start":{"line":20,"column":4},"end":{"line":32,"column":7}},"10":{"start":{"line":40,"column":37},"end":{"line":40,"column":47}},"11":{"start":{"line":41,"column":17},"end":{"line":41,"column":35}},"12":{"start":{"line":43,"column":23},"end":{"line":43,"column":41}},"13":{"start":{"line":44,"column":4},"end":{"line":44,"column":64}},"14":{"start":{"line":44,"column":28},"end":{"line":44,"column":64}},"15":{"start":{"line":45,"column":4},"end":{"line":45,"column":79}},"16":{"start":{"line":45,"column":33},"end":{"line":45,"column":79}},"17":{"start":{"line":46,"column":4},"end":{"line":46,"column":75}},"18":{"start":{"line":46,"column":41},"end":{"line":46,"column":75}},"19":{"start":{"line":48,"column":26},"end":{"line":67,"column":6}},"20":{"start":{"line":69,"column":4},"end":{"line":69,"column":59}},"21":{"start":{"line":73,"column":21},"end":{"line":99,"column":6}},"22":{"start":{"line":101,"column":4},"end":{"line":103,"column":5}},"23":{"start":{"line":102,"column":6},"end":{"line":102,"column":56}},"24":{"start":{"line":105,"column":4},"end":{"line":105,"column":20}},"25":{"start":{"line":109,"column":16},"end":{"line":109,"column":26}},"26":{"start":{"line":110,"column":22},"end":{"line":110,"column":34}},"27":{"start":{"line":111,"column":24},"end":{"line":111,"column":113}},"28":{"start":{"line":113,"column":4},"end":{"line":153,"column":7}},"29":{"start":{"line":157,"column":4},"end":{"line":157,"column":43}},"30":{"start":{"line":159,"column":4},"end":{"line":161,"column":5}},"31":{"start":{"line":160,"column":6},"end":{"line":160,"column":88}},"32":{"start":{"line":163,"column":4},"end":{"line":175,"column":7}},"33":{"start":{"line":179,"column":4},"end":{"line":179,"column":43}},"34":{"start":{"line":180,"column":4},"end":{"line":182,"column":7}},"35":{"start":{"line":8,"column":13},"end":{"line":8,"column":29}},"36":{"start":{"line":8,"column":13},"end":{"line":184,"column":null}}},"fnMap":{"0":{"name":"(anonymous_0)","decl":{"start":{"line":9,"column":2},"end":{"line":9,"column":31}},"loc":{"start":{"line":9,"column":50},"end":{"line":9,"column":54}}},"1":{"name":"(anonymous_1)","decl":{"start":{"line":11,"column":2},"end":{"line":11,"column":7}},"loc":{"start":{"line":11,"column":75},"end":{"line":33,"column":3}}},"2":{"name":"(anonymous_2)","decl":{"start":{"line":35,"column":2},"end":{"line":35,"column":7}},"loc":{"start":{"line":38,"column":81},"end":{"line":70,"column":3}}},"3":{"name":"(anonymous_3)","decl":{"start":{"line":72,"column":2},"end":{"line":72,"column":7}},"loc":{"start":{"line":72,"column":50},"end":{"line":106,"column":3}}},"4":{"name":"(anonymous_4)","decl":{"start":{"line":108,"column":2},"end":{"line":108,"column":7}},"loc":{"start":{"line":108,"column":45},"end":{"line":154,"column":3}}},"5":{"name":"(anonymous_5)","decl":{"start":{"line":156,"column":2},"end":{"line":156,"column":7}},"loc":{"start":{"line":156,"column":87},"end":{"line":176,"column":3}}},"6":{"name":"(anonymous_6)","decl":{"start":{"line":178,"column":2},"end":{"line":178,"column":7}},"loc":{"start":{"line":178,"column":49},"end":{"line":183,"column":3}}}},"branchMap":{"0":{"loc":{"start":{"line":12,"column":4},"end":{"line":14,"column":5}},"type":"if","locations":[{"start":{"line":12,"column":4},"end":{"line":14,"column":5}},{"start":{},"end":{}}]},"1":{"loc":{"start":{"line":12,"column":8},"end":{"line":12,"column":73}},"type":"binary-expr","locations":[{"start":{"line":12,"column":8},"end":{"line":12,"column":36}},{"start":{"line":12,"column":40},"end":{"line":12,"column":73}}]},"2":{"loc":{"start":{"line":16,"column":4},"end":{"line":18,"column":5}},"type":"if","locations":[{"start":{"line":16,"column":4},"end":{"line":18,"column":5}},{"start":{},"end":{}}]},"3":{"loc":{"start":{"line":16,"column":8},"end":{"line":16,"column":71}},"type":"binary-expr","locations":[{"start":{"line":16,"column":8},"end":{"line":16,"column":35}},{"start":{"line":16,"column":39},"end":{"line":16,"column":71}}]},"4":{"loc":{"start":{"line":24,"column":17},"end":{"line":24,"column":87}},"type":"cond-expr","locations":[{"start":{"line":24,"column":45},"end":{"line":24,"column":80}},{"start":{"line":24,"column":83},"end":{"line":24,"column":87}}]},"5":{"loc":{"start":{"line":40,"column":12},"end":{"line":40,"column":20}},"type":"default-arg","locations":[{"start":{"line":40,"column":19},"end":{"line":40,"column":20}}]},"6":{"loc":{"start":{"line":40,"column":22},"end":{"line":40,"column":32}},"type":"default-arg","locations":[{"start":{"line":40,"column":30},"end":{"line":40,"column":32}}]},"7":{"loc":{"start":{"line":44,"column":4},"end":{"line":44,"column":64}},"type":"if","locations":[{"start":{"line":44,"column":4},"end":{"line":44,"column":64}},{"start":{},"end":{}}]},"8":{"loc":{"start":{"line":45,"column":4},"end":{"line":45,"column":79}},"type":"if","locations":[{"start":{"line":45,"column":4},"end":{"line":45,"column":79}},{"start":{},"end":{}}]},"9":{"loc":{"start":{"line":46,"column":4},"end":{"line":46,"column":75}},"type":"if","locations":[{"start":{"line":46,"column":4},"end":{"line":46,"column":75}},{"start":{},"end":{}}]},"10":{"loc":{"start":{"line":101,"column":4},"end":{"line":103,"column":5}},"type":"if","locations":[{"start":{"line":101,"column":4},"end":{"line":103,"column":5}},{"start":{},"end":{}}]},"11":{"loc":{"start":{"line":159,"column":4},"end":{"line":161,"column":5}},"type":"if","locations":[{"start":{"line":159,"column":4},"end":{"line":161,"column":5}},{"start":{},"end":{}}]},"12":{"loc":{"start":{"line":159,"column":8},"end":{"line":159,"column":71}},"type":"binary-expr","locations":[{"start":{"line":159,"column":8},"end":{"line":159,"column":35}},{"start":{"line":159,"column":39},"end":{"line":159,"column":71}}]},"13":{"loc":{"start":{"line":167,"column":19},"end":{"line":167,"column":98}},"type":"cond-expr","locations":[{"start":{"line":167,"column":49},"end":{"line":167,"column":86}},{"start":{"line":167,"column":89},"end":{"line":167,"column":98}}]},"14":{"loc":{"start":{"line":168,"column":17},"end":{"line":168,"column":92}},"type":"cond-expr","locations":[{"start":{"line":168,"column":45},"end":{"line":168,"column":80}},{"start":{"line":168,"column":83},"end":{"line":168,"column":92}}]},"15":{"loc":{"start":{"line":9,"column":35},"end":{"line":9,"column":53}},"type":"cond-expr","locations":[{"start":{"line":9,"column":50},"end":{"line":9,"column":53}},{"start":{"line":9,"column":50},"end":{"line":9,"column":53}}]},"16":{"loc":{"start":{"line":9,"column":35},"end":{"line":9,"column":50}},"type":"binary-expr","locations":[{"start":{"line":9,"column":35},"end":{"line":9,"column":53}},{"start":{"line":9,"column":35},"end":{"line":9,"column":50}}]}},"s":{"0":0,"1":0,"2":0,"3":0,"4":0,"5":0,"6":0,"7":0,"8":0,"9":0,"10":0,"11":0,"12":0,"13":0,"14":0,"15":0,"16":0,"17":0,"18":0,"19":0,"20":0,"21":0,"22":0,"23":0,"24":0,"25":0,"26":0,"27":0,"28":0,"29":0,"30":0,"31":0,"32":0,"33":0,"34":0,"35":0,"36":0},"f":{"0":0,"1":0,"2":0,"3":0,"4":0,"5":0,"6":0},"b":{"0":[0,0],"1":[0,0],"2":[0,0],"3":[0,0],"4":[0,0],"5":[0],"6":[0],"7":[0,0],"8":[0,0],"9":[0,0],"10":[0,0],"11":[0,0],"12":[0,0],"13":[0,0],"14":[0,0],"15":[0,0],"16":[0,0]}}
,"C:\\Projects\\vizora\\vizora\\middleware\\src\\modules\\schedules\\dto\\create-schedule.dto.ts": {"path":"C:\\Projects\\vizora\\vizora\\middleware\\src\\modules\\schedules\\dto\\create-schedule.dto.ts","statementMap":{"0":{"start":{"line":1,"column":0},"end":{"line":1,"column":null}},"1":{"start":{"line":12,"column":0},"end":{"line":12,"column":13}},"2":{"start":{"line":14,"column":2},"end":{"line":14,"column":null}},"3":{"start":{"line":18,"column":2},"end":{"line":18,"column":null}},"4":{"start":{"line":21,"column":2},"end":{"line":21,"column":null}},"5":{"start":{"line":25,"column":2},"end":{"line":25,"column":null}},"6":{"start":{"line":29,"column":2},"end":{"line":29,"column":22}},"7":{"start":{"line":33,"column":2},"end":{"line":33,"column":20}},"8":{"start":{"line":39,"column":2},"end":{"line":39,"column":25}},"9":{"start":{"line":43,"column":2},"end":{"line":43,"column":null}},"10":{"start":{"line":47,"column":2},"end":{"line":47,"column":null}},"11":{"start":{"line":50,"column":2},"end":{"line":50,"column":null}},"12":{"start":{"line":54,"column":2},"end":{"line":54,"column":null}},"13":{"start":{"line":58,"column":2},"end":{"line":58,"column":null}}},"fnMap":{},"branchMap":{},"s":{"0":0,"1":0,"2":0,"3":0,"4":0,"5":0,"6":0,"7":0,"8":0,"9":0,"10":0,"11":0,"12":0,"13":0},"f":{},"b":{}}
,"C:\\Projects\\vizora\\vizora\\middleware\\src\\modules\\schedules\\dto\\update-schedule.dto.ts": {"path":"C:\\Projects\\vizora\\vizora\\middleware\\src\\modules\\schedules\\dto\\update-schedule.dto.ts","statementMap":{"0":{"start":{"line":1,"column":0},"end":{"line":1,"column":51}},"1":{"start":{"line":2,"column":0},"end":{"line":2,"column":58}},"2":{"start":{"line":4,"column":0},"end":{"line":4,"column":13}}},"fnMap":{},"branchMap":{},"s":{"0":0,"1":0,"2":0},"f":{},"b":{}}
}
