TN:
SF:src\main.ts
FN:13,bootstrap
FN:23,(anonymous_1)
FNF:2
FNH:0
FNDA:0,bootstrap
FNDA:0,(anonymous_1)
DA:6,0
DA:7,0
DA:8,0
DA:9,0
DA:10,0
DA:11,0
DA:14,0
DA:17,0
DA:23,0
DA:24,0
DA:34,0
DA:48,0
DA:50,0
DA:51,0
DA:54,0
DA:56,0
DA:57,0
DA:59,0
DA:62,0
DA:65,0
LF:20
LH:0
BRDA:23,0,0,0
BRDA:23,0,1,0
BRDA:25,1,0,0
BRDA:25,1,1,0
BRDA:56,2,0,0
BRDA:56,2,1,0
BRDA:62,3,0,0
BRDA:62,3,1,0
BRF:8
BRH:0
end_of_record
TN:
SF:src\app\app.controller.ts
FN:15,(anonymous_1)
FN:22,(anonymous_3)
FN:45,(anonymous_5)
FN:9,(anonymous_7)
FNF:4
FNH:0
FNDA:0,(anonymous_1)
FNDA:0,(anonymous_3)
FNDA:0,(anonymous_5)
FNDA:0,(anonymous_7)
DA:1,0
DA:2,0
DA:4,0
DA:7,0
DA:8,0
DA:10,0
DA:11,0
DA:14,0
DA:15,0
DA:16,0
DA:19,0
DA:22,0
DA:23,0
DA:25,0
DA:26,0
DA:33,0
DA:42,0
DA:45,0
DA:47,0
DA:48,0
DA:49,0
DA:51,0
LF:22
LH:0
BRF:0
BRH:0
end_of_record
TN:
SF:src\app\app.module.ts
FNF:0
FNH:0
DA:1,0
DA:2,0
DA:3,0
DA:4,0
DA:5,0
DA:6,0
DA:7,0
DA:8,0
DA:9,0
DA:10,0
DA:11,0
DA:12,0
DA:13,0
DA:15,0
DA:53,0
LF:15
LH:0
BRF:0
BRH:0
end_of_record
TN:
SF:src\app\app.service.ts
FN:5,(anonymous_1)
FNF:1
FNH:0
FNDA:0,(anonymous_1)
DA:1,0
DA:3,0
DA:4,0
DA:6,0
LF:4
LH:0
BRF:0
BRH:0
end_of_record
TN:
SF:src\modules\auth\auth.controller.ts
FN:17,(anonymous_1)
FN:29,(anonymous_3)
FN:39,(anonymous_5)
FN:49,(anonymous_7)
FN:59,(anonymous_9)
FN:11,(anonymous_11)
FNF:6
FNH:0
FNDA:0,(anonymous_1)
FNDA:0,(anonymous_3)
FNDA:0,(anonymous_5)
FNDA:0,(anonymous_7)
FNDA:0,(anonymous_9)
FNDA:0,(anonymous_11)
DA:1,0
DA:2,0
DA:5,0
DA:6,0
DA:7,0
DA:9,0
DA:10,0
DA:11,0
DA:14,0
DA:17,0
DA:18,0
DA:19,0
DA:26,0
DA:29,0
DA:30,0
DA:31,0
DA:37,0
DA:39,0
DA:40,0
DA:41,0
DA:47,0
DA:49,0
DA:50,0
DA:51,0
DA:57,0
DA:59,0
DA:60,0
LF:27
LH:0
BRF:0
BRH:0
end_of_record
TN:
SF:src\modules\auth\auth.module.ts
FN:17,(anonymous_1)
FNF:1
FNH:0
FNDA:0,(anonymous_1)
DA:1,0
DA:2,0
DA:3,0
DA:4,0
DA:5,0
DA:6,0
DA:7,0
DA:8,0
DA:9,0
DA:10,0
DA:12,0
DA:18,0
DA:19,0
DA:20,0
DA:24,0
DA:45,0
LF:16
LH:0
BRDA:19,0,0,0
BRDA:19,0,1,0
BRDA:19,1,0,0
BRDA:19,1,1,0
BRDA:27,2,0,0
BRDA:27,2,1,0
BRF:6
BRH:0
end_of_record
TN:
SF:src\modules\auth\auth.service.ts
FN:14,(anonymous_1)
FN:19,(anonymous_2)
FN:106,(anonymous_3)
FN:162,(anonymous_4)
FN:180,(anonymous_5)
FN:202,(anonymous_6)
FN:214,(anonymous_7)
FN:219,(anonymous_8)
FNF:8
FNH:8
FNDA:22,(anonymous_1)
FNDA:10,(anonymous_2)
FNDA:6,(anonymous_3)
FNDA:3,(anonymous_4)
FNDA:2,(anonymous_5)
FNDA:12,(anonymous_6)
FNDA:11,(anonymous_7)
FNDA:9,(anonymous_8)
DA:1,1
DA:9,1
DA:12,1
DA:13,2
DA:15,22
DA:16,22
DA:21,10
DA:25,10
DA:26,1
DA:30,9
DA:33,9
DA:37,9
DA:38,1
DA:42,8
DA:45,8
DA:46,8
DA:49,8
DA:61,8
DA:74,8
DA:77,8
DA:91,8
DA:108,6
DA:113,6
DA:114,1
DA:118,5
DA:120,5
DA:121,1
DA:125,4
DA:126,1
DA:130,3
DA:136,3
DA:139,3
DA:149,3
DA:163,3
DA:168,3
DA:169,2
DA:172,1
DA:174,1
DA:182,2
DA:186,2
DA:188,1
DA:199,2
DA:203,12
DA:211,12
DA:215,11
DA:216,11
DA:220,9
LF:47
LH:47
BRDA:25,0,0,1
BRDA:25,0,1,9
BRDA:30,1,0,9
BRDA:30,1,1,9
BRDA:37,2,0,1
BRDA:37,2,1,8
BRDA:113,3,0,1
BRDA:113,3,1,5
BRDA:113,4,0,6
BRDA:113,4,1,5
BRDA:120,5,0,1
BRDA:120,5,1,4
BRDA:125,6,0,1
BRDA:125,6,1,3
BRDA:168,7,0,2
BRDA:168,7,1,1
BRDA:168,8,0,3
BRDA:168,8,1,2
BRDA:186,9,0,1
BRDA:186,9,1,1
BRF:20
BRH:20
end_of_record
TN:
SF:src\modules\auth\decorators\current-user.decorator.ts
FN:4,(anonymous_0)
FNF:1
FNH:0
FNDA:0,(anonymous_0)
DA:1,0
DA:3,0
DA:5,0
DA:6,0
DA:8,0
LF:5
LH:0
BRDA:8,0,0,0
BRDA:8,0,1,0
BRF:2
BRH:0
end_of_record
TN:
SF:src\modules\auth\decorators\public.decorator.ts
FN:4,(anonymous_0)
FNF:1
FNH:0
FNDA:0,(anonymous_0)
DA:1,0
DA:3,0
DA:4,0
LF:3
LH:0
BRF:0
BRH:0
end_of_record
TN:
SF:src\modules\auth\decorators\roles.decorator.ts
FN:4,(anonymous_0)
FNF:1
FNH:0
FNDA:0,(anonymous_0)
DA:1,0
DA:3,0
DA:4,0
LF:3
LH:0
BRF:0
BRH:0
end_of_record
TN:
SF:src\modules\auth\dto\index.ts
FNF:0
FNH:0
DA:1,0
DA:2,0
LF:2
LH:0
BRF:0
BRH:0
end_of_record
TN:
SF:src\modules\auth\dto\login.dto.ts
FN:5,(anonymous_1)
FN:5,(anonymous_3)
FN:8,(anonymous_4)
FN:8,(anonymous_6)
FNF:4
FNH:0
FNDA:0,(anonymous_1)
FNDA:0,(anonymous_3)
FNDA:0,(anonymous_4)
FNDA:0,(anonymous_6)
DA:1,0
DA:3,0
DA:4,0
DA:5,0
DA:7,0
DA:8,0
LF:6
LH:0
BRF:0
BRH:0
end_of_record
TN:
SF:src\modules\auth\dto\register.dto.ts
FN:5,(anonymous_1)
FN:5,(anonymous_3)
FN:13,(anonymous_4)
FN:13,(anonymous_6)
FN:18,(anonymous_7)
FN:18,(anonymous_9)
FN:23,(anonymous_10)
FN:23,(anonymous_12)
FN:28,(anonymous_13)
FN:28,(anonymous_15)
FN:37,(anonymous_16)
FN:37,(anonymous_18)
FNF:12
FNH:0
FNDA:0,(anonymous_1)
FNDA:0,(anonymous_3)
FNDA:0,(anonymous_4)
FNDA:0,(anonymous_6)
FNDA:0,(anonymous_7)
FNDA:0,(anonymous_9)
FNDA:0,(anonymous_10)
FNDA:0,(anonymous_12)
FNDA:0,(anonymous_13)
FNDA:0,(anonymous_15)
FNDA:0,(anonymous_16)
FNDA:0,(anonymous_18)
DA:1,0
DA:3,0
DA:4,0
DA:5,0
DA:7,0
DA:13,0
DA:15,0
DA:18,0
DA:20,0
DA:23,0
DA:25,0
DA:28,0
DA:30,0
DA:37,0
LF:14
LH:0
BRF:0
BRH:0
end_of_record
TN:
SF:src\modules\auth\guards\jwt-auth.guard.ts
FN:7,(anonymous_1)
FN:11,(anonymous_2)
FNF:2
FNH:0
FNDA:0,(anonymous_1)
FNDA:0,(anonymous_2)
DA:1,0
DA:2,0
DA:5,0
DA:6,0
DA:7,0
DA:8,0
DA:13,0
DA:18,0
DA:19,0
DA:22,0
LF:10
LH:0
BRDA:18,0,0,0
BRDA:18,0,1,0
BRF:2
BRH:0
end_of_record
TN:
SF:src\modules\auth\guards\roles.guard.ts
FN:6,(anonymous_1)
FN:8,(anonymous_2)
FN:24,(anonymous_3)
FNF:3
FNH:0
FNDA:0,(anonymous_1)
FNDA:0,(anonymous_2)
FNDA:0,(anonymous_3)
DA:1,0
DA:4,0
DA:5,0
DA:6,0
DA:9,0
DA:14,0
DA:15,0
DA:18,0
DA:20,0
DA:21,0
DA:24,0
DA:26,0
DA:27,0
DA:30,0
LF:14
LH:0
BRDA:14,0,0,0
BRDA:14,0,1,0
BRDA:20,1,0,0
BRDA:20,1,1,0
BRDA:26,2,0,0
BRDA:26,2,1,0
BRF:6
BRH:0
end_of_record
TN:
SF:src\modules\auth\strategies\jwt.strategy.ts
FN:16,(anonymous_1)
FN:24,(anonymous_2)
FNF:2
FNH:0
FNDA:0,(anonymous_1)
FNDA:0,(anonymous_2)
DA:1,0
DA:2,0
DA:3,0
DA:14,0
DA:15,0
DA:16,0
DA:17,0
DA:26,0
DA:27,0
DA:36,0
DA:41,0
DA:42,0
DA:45,0
LF:13
LH:0
BRDA:26,0,0,0
BRDA:26,0,1,0
BRDA:41,1,0,0
BRDA:41,1,1,0
BRDA:41,2,0,0
BRDA:41,2,1,0
BRF:6
BRH:0
end_of_record
TN:
SF:src\modules\common\decorators\organization.decorator.ts
FN:4,(anonymous_0)
FN:11,(anonymous_1)
FNF:2
FNH:0
FNDA:0,(anonymous_0)
FNDA:0,(anonymous_1)
DA:1,0
DA:3,0
DA:5,0
DA:6,0
DA:10,0
DA:12,0
DA:13,0
LF:7
LH:0
BRF:0
BRH:0
end_of_record
TN:
SF:src\modules\common\dto\pagination.dto.ts
FN:6,(anonymous_1)
FN:12,(anonymous_2)
FN:9,(anonymous_3)
FN:9,(anonymous_5)
FN:16,(anonymous_6)
FN:16,(anonymous_8)
FN:28,(anonymous_10)
FNF:7
FNH:0
FNDA:0,(anonymous_1)
FNDA:0,(anonymous_2)
FNDA:0,(anonymous_3)
FNDA:0,(anonymous_5)
FNDA:0,(anonymous_6)
FNDA:0,(anonymous_8)
FNDA:0,(anonymous_10)
DA:1,0
DA:2,0
DA:4,0
DA:5,0
DA:6,0
DA:9,0
DA:11,0
DA:12,0
DA:16,0
DA:19,0
DA:29,0
DA:30,0
LF:12
LH:0
BRF:0
BRH:0
end_of_record
TN:
SF:src\modules\common\interceptors\sanitize.interceptor.ts
FN:22,(anonymous_1)
FN:32,(anonymous_2)
FN:42,(anonymous_3)
FN:61,(anonymous_4)
FNF:4
FNH:0
FNDA:0,(anonymous_1)
FNDA:0,(anonymous_2)
FNDA:0,(anonymous_3)
FNDA:0,(anonymous_4)
DA:1,0
DA:8,0
DA:14,0
DA:15,0
DA:16,0
DA:23,0
DA:25,0
DA:26,0
DA:29,0
DA:33,0
DA:34,0
DA:37,0
DA:38,0
DA:41,0
DA:42,0
DA:45,0
DA:46,0
DA:47,0
DA:49,0
DA:50,0
DA:52,0
DA:55,0
DA:58,0
DA:63,0
DA:66,0
DA:68,0
LF:26
LH:0
BRDA:25,0,0,0
BRDA:25,0,1,0
BRDA:25,1,0,0
BRDA:25,1,1,0
BRDA:33,2,0,0
BRDA:33,2,1,0
BRDA:33,3,0,0
BRDA:33,3,1,0
BRDA:37,4,0,0
BRDA:37,4,1,0
BRDA:41,5,0,0
BRDA:41,5,1,0
BRDA:45,6,0,0
BRDA:45,6,1,0
BRDA:49,7,0,0
BRDA:49,7,1,0
BRF:16
BRH:0
end_of_record
TN:
SF:src\modules\content\content.controller.ts
FN:22,(anonymous_1)
FN:30,(anonymous_3)
FN:40,(anonymous_5)
FN:48,(anonymous_7)
FN:57,(anonymous_9)
FN:65,(anonymous_11)
FN:19,(anonymous_13)
FNF:7
FNH:0
FNDA:0,(anonymous_1)
FNDA:0,(anonymous_3)
FNDA:0,(anonymous_5)
FNDA:0,(anonymous_7)
FNDA:0,(anonymous_9)
FNDA:0,(anonymous_11)
FNDA:0,(anonymous_13)
DA:1,0
DA:15,0
DA:17,0
DA:18,0
DA:19,0
DA:21,0
DA:22,0
DA:26,0
DA:29,0
DA:30,0
DA:36,0
DA:39,0
DA:40,0
DA:44,0
DA:47,0
DA:48,0
DA:53,0
DA:56,0
DA:57,0
DA:61,0
DA:64,0
DA:65,0
DA:69,0
LF:23
LH:0
BRF:0
BRH:0
end_of_record
TN:
SF:src\modules\content\content.module.ts
FNF:0
FNH:0
DA:1,0
DA:2,0
DA:3,0
DA:5,0
DA:10,0
LF:5
LH:0
BRF:0
BRH:0
end_of_record
TN:
SF:src\modules\content\content.service.ts
FN:9,(anonymous_1)
FN:11,(anonymous_2)
FN:20,(anonymous_3)
FN:52,(anonymous_4)
FN:76,(anonymous_5)
FN:85,(anonymous_6)
FN:92,(anonymous_7)
FNF:7
FNH:0
FNDA:0,(anonymous_1)
FNDA:0,(anonymous_2)
FNDA:0,(anonymous_3)
FNDA:0,(anonymous_4)
FNDA:0,(anonymous_5)
FNDA:0,(anonymous_6)
FNDA:0,(anonymous_7)
DA:1,0
DA:5,0
DA:7,0
DA:8,0
DA:9,0
DA:12,0
DA:25,0
DA:26,0
DA:28,0
DA:29,0
DA:30,0
DA:32,0
DA:49,0
DA:53,0
DA:69,0
DA:70,0
DA:73,0
DA:77,0
DA:79,0
DA:86,0
DA:87,0
DA:93,0
DA:94,0
LF:23
LH:0
BRDA:25,0,0,0
BRDA:25,1,0,0
BRDA:29,2,0,0
BRDA:29,2,1,0
BRDA:30,3,0,0
BRDA:30,3,1,0
BRDA:69,4,0,0
BRDA:69,4,1,0
BRF:8
BRH:0
end_of_record
TN:
SF:src\modules\content\dto\create-content.dto.ts
FN:5,(anonymous_1)
FN:5,(anonymous_3)
FN:9,(anonymous_4)
FN:9,(anonymous_6)
FN:12,(anonymous_7)
FN:12,(anonymous_9)
FN:15,(anonymous_10)
FN:15,(anonymous_12)
FN:19,(anonymous_13)
FN:19,(anonymous_15)
FN:24,(anonymous_16)
FN:24,(anonymous_18)
FN:29,(anonymous_19)
FN:29,(anonymous_21)
FN:33,(anonymous_22)
FN:33,(anonymous_24)
FN:37,(anonymous_25)
FN:37,(anonymous_27)
FNF:18
FNH:0
FNDA:0,(anonymous_1)
FNDA:0,(anonymous_3)
FNDA:0,(anonymous_4)
FNDA:0,(anonymous_6)
FNDA:0,(anonymous_7)
FNDA:0,(anonymous_9)
FNDA:0,(anonymous_10)
FNDA:0,(anonymous_12)
FNDA:0,(anonymous_13)
FNDA:0,(anonymous_15)
FNDA:0,(anonymous_16)
FNDA:0,(anonymous_18)
FNDA:0,(anonymous_19)
FNDA:0,(anonymous_21)
FNDA:0,(anonymous_22)
FNDA:0,(anonymous_24)
FNDA:0,(anonymous_25)
FNDA:0,(anonymous_27)
DA:1,0
DA:3,0
DA:4,0
DA:5,0
DA:7,0
DA:9,0
DA:11,0
DA:12,0
DA:14,0
DA:15,0
DA:17,0
DA:19,0
DA:21,0
DA:24,0
DA:26,0
DA:29,0
DA:31,0
DA:33,0
DA:35,0
DA:37,0
LF:20
LH:0
BRF:0
BRH:0
end_of_record
TN:
SF:src\modules\content\dto\update-content.dto.ts
FNF:0
FNH:0
DA:1,0
DA:2,0
DA:4,0
LF:3
LH:0
BRF:0
BRH:0
end_of_record
TN:
SF:src\modules\database\database.module.ts
FNF:0
FNH:0
DA:1,0
DA:2,0
DA:4,0
DA:9,0
LF:4
LH:0
BRF:0
BRH:0
end_of_record
TN:
SF:src\modules\database\database.service.ts
FN:6,(anonymous_1)
FN:10,(anonymous_2)
FNF:2
FNH:0
FNDA:0,(anonymous_1)
FNDA:0,(anonymous_2)
DA:1,0
DA:2,0
DA:4,0
DA:5,0
DA:7,0
DA:11,0
LF:6
LH:0
BRF:0
BRH:0
end_of_record
TN:
SF:src\modules\displays\displays.controller.ts
FN:23,(anonymous_1)
FN:31,(anonymous_3)
FN:39,(anonymous_5)
FN:47,(anonymous_7)
FN:57,(anonymous_9)
FN:62,(anonymous_11)
FN:20,(anonymous_13)
FNF:7
FNH:0
FNDA:0,(anonymous_1)
FNDA:0,(anonymous_3)
FNDA:0,(anonymous_5)
FNDA:0,(anonymous_7)
FNDA:0,(anonymous_9)
FNDA:0,(anonymous_11)
FNDA:0,(anonymous_13)
DA:1,0
DA:15,0
DA:16,0
DA:18,0
DA:19,0
DA:20,0
DA:22,0
DA:23,0
DA:27,0
DA:30,0
DA:31,0
DA:35,0
DA:38,0
DA:39,0
DA:43,0
DA:46,0
DA:47,0
DA:52,0
DA:55,0
DA:57,0
DA:58,0
DA:61,0
DA:62,0
DA:66,0
LF:24
LH:0
BRF:0
BRH:0
end_of_record
TN:
SF:src\modules\displays\displays.module.ts
FNF:0
FNH:0
DA:1,0
DA:2,0
DA:3,0
DA:5,0
DA:10,0
LF:5
LH:0
BRF:0
BRH:0
end_of_record
TN:
SF:src\modules\displays\displays.service.ts
FN:9,(anonymous_1)
FN:11,(anonymous_2)
FN:28,(anonymous_3)
FN:52,(anonymous_4)
FN:82,(anonymous_5)
FN:104,(anonymous_6)
FN:114,(anonymous_7)
FNF:7
FNH:0
FNDA:0,(anonymous_1)
FNDA:0,(anonymous_2)
FNDA:0,(anonymous_3)
FNDA:0,(anonymous_4)
FNDA:0,(anonymous_5)
FNDA:0,(anonymous_6)
FNDA:0,(anonymous_7)
DA:1,0
DA:5,0
DA:7,0
DA:8,0
DA:9,0
DA:12,0
DA:16,0
DA:17,0
DA:20,0
DA:29,0
DA:30,0
DA:32,0
DA:49,0
DA:53,0
DA:75,0
DA:76,0
DA:79,0
DA:83,0
DA:85,0
DA:86,0
DA:93,0
DA:94,0
DA:98,0
DA:105,0
DA:115,0
DA:116,0
LF:26
LH:0
BRDA:16,0,0,0
BRDA:16,0,1,0
BRDA:29,1,0,0
BRDA:29,2,0,0
BRDA:75,3,0,0
BRDA:75,3,1,0
BRDA:85,4,0,0
BRDA:85,4,1,0
BRDA:93,5,0,0
BRDA:93,5,1,0
BRF:10
BRH:0
end_of_record
TN:
SF:src\modules\displays\dto\create-display.dto.ts
FN:5,(anonymous_1)
FN:5,(anonymous_3)
FN:9,(anonymous_4)
FN:9,(anonymous_6)
FN:13,(anonymous_7)
FN:13,(anonymous_9)
FN:16,(anonymous_10)
FN:16,(anonymous_12)
FN:20,(anonymous_13)
FN:20,(anonymous_15)
FN:24,(anonymous_16)
FN:24,(anonymous_18)
FN:28,(anonymous_19)
FN:28,(anonymous_21)
FN:32,(anonymous_22)
FN:32,(anonymous_24)
FNF:16
FNH:0
FNDA:0,(anonymous_1)
FNDA:0,(anonymous_3)
FNDA:0,(anonymous_4)
FNDA:0,(anonymous_6)
FNDA:0,(anonymous_7)
FNDA:0,(anonymous_9)
FNDA:0,(anonymous_10)
FNDA:0,(anonymous_12)
FNDA:0,(anonymous_13)
FNDA:0,(anonymous_15)
FNDA:0,(anonymous_16)
FNDA:0,(anonymous_18)
FNDA:0,(anonymous_19)
FNDA:0,(anonymous_21)
FNDA:0,(anonymous_22)
FNDA:0,(anonymous_24)
DA:1,0
DA:3,0
DA:4,0
DA:5,0
DA:7,0
DA:9,0
DA:11,0
DA:13,0
DA:15,0
DA:16,0
DA:18,0
DA:20,0
DA:22,0
DA:24,0
DA:26,0
DA:28,0
DA:30,0
DA:32,0
LF:18
LH:0
BRF:0
BRH:0
end_of_record
TN:
SF:src\modules\displays\dto\update-display.dto.ts
FNF:0
FNH:0
DA:1,0
DA:2,0
DA:4,0
LF:3
LH:0
BRF:0
BRH:0
end_of_record
TN:
SF:src\modules\health\health.controller.ts
FN:16,(anonymous_1)
FN:25,(anonymous_3)
FN:40,(anonymous_5)
FN:9,(anonymous_7)
FNF:4
FNH:0
FNDA:0,(anonymous_1)
FNDA:0,(anonymous_3)
FNDA:0,(anonymous_5)
FNDA:0,(anonymous_7)
DA:1,0
DA:2,0
DA:4,0
DA:6,0
DA:8,0
DA:9,0
DA:14,0
DA:16,0
DA:17,0
DA:23,0
DA:25,0
DA:26,0
DA:28,0
DA:29,0
DA:32,0
DA:38,0
DA:40,0
DA:41,0
LF:18
LH:0
BRDA:28,0,0,0
BRDA:28,0,1,0
BRF:2
BRH:0
end_of_record
TN:
SF:src\modules\health\health.module.ts
FNF:0
FNH:0
DA:1,0
DA:2,0
DA:3,0
DA:4,0
DA:6,0
DA:11,0
LF:6
LH:0
BRF:0
BRH:0
end_of_record
TN:
SF:src\modules\health\health.service.ts
FN:25,(anonymous_1)
FN:27,(anonymous_2)
FN:34,(anonymous_3)
FN:35,(anonymous_4)
FN:55,(anonymous_5)
FN:72,(anonymous_6)
FNF:6
FNH:6
FNDA:7,(anonymous_1)
FNDA:6,(anonymous_2)
FNDA:11,(anonymous_3)
FNDA:11,(anonymous_4)
FNDA:6,(anonymous_5)
FNDA:6,(anonymous_6)
DA:1,1
DA:21,1
DA:22,2
DA:23,7
DA:25,7
DA:28,6
DA:34,11
DA:35,11
DA:38,6
DA:39,5
DA:40,1
DA:41,1
DA:43,0
DA:46,6
DA:56,6
DA:57,6
DA:58,6
DA:59,5
DA:64,1
DA:73,6
DA:74,6
DA:75,6
DA:76,6
DA:79,6
DA:81,6
LF:25
LH:24
BRDA:38,0,0,5
BRDA:38,0,1,1
BRDA:40,1,0,1
BRDA:40,1,1,0
BRDA:50,2,0,6
BRDA:50,2,1,0
BRDA:67,3,0,1
BRDA:67,3,1,0
BRDA:79,4,0,0
BRDA:79,4,1,6
BRDA:84,5,0,6
BRDA:84,5,1,0
BRF:12
BRH:7
end_of_record
TN:
SF:src\modules\organizations\organizations.controller.ts
FN:28,(anonymous_1)
FN:34,(anonymous_3)
FN:40,(anonymous_5)
FN:54,(anonymous_7)
FN:69,(anonymous_9)
FN:21,(anonymous_11)
FNF:6
FNH:0
FNDA:0,(anonymous_1)
FNDA:0,(anonymous_3)
FNDA:0,(anonymous_5)
FNDA:0,(anonymous_7)
FNDA:0,(anonymous_9)
FNDA:0,(anonymous_11)
DA:1,0
DA:15,0
DA:16,0
DA:17,0
DA:19,0
DA:20,0
DA:21,0
DA:25,0
DA:28,0
DA:29,0
DA:33,0
DA:34,0
DA:35,0
DA:39,0
DA:40,0
DA:44,0
DA:45,0
DA:47,0
DA:51,0
DA:54,0
DA:59,0
DA:60,0
DA:62,0
DA:66,0
DA:69,0
DA:73,0
DA:74,0
DA:76,0
LF:28
LH:0
BRDA:44,0,0,0
BRDA:44,0,1,0
BRDA:59,1,0,0
BRDA:59,1,1,0
BRDA:73,2,0,0
BRDA:73,2,1,0
BRF:6
BRH:0
end_of_record
TN:
SF:src\modules\organizations\organizations.module.ts
FNF:0
FNH:0
DA:1,0
DA:2,0
DA:3,0
DA:5,0
DA:10,0
LF:5
LH:0
BRF:0
BRH:0
end_of_record
TN:
SF:src\modules\organizations\organizations.service.ts
FN:9,(anonymous_1)
FN:11,(anonymous_2)
FN:25,(anonymous_3)
FN:41,(anonymous_4)
FN:63,(anonymous_5)
FN:75,(anonymous_6)
FN:97,(anonymous_7)
FNF:7
FNH:0
FNDA:0,(anonymous_1)
FNDA:0,(anonymous_2)
FNDA:0,(anonymous_3)
FNDA:0,(anonymous_4)
FNDA:0,(anonymous_5)
FNDA:0,(anonymous_6)
FNDA:0,(anonymous_7)
DA:1,0
DA:5,0
DA:7,0
DA:8,0
DA:9,0
DA:12,0
DA:16,0
DA:17,0
DA:20,0
DA:26,0
DA:27,0
DA:29,0
DA:38,0
DA:42,0
DA:56,0
DA:57,0
DA:60,0
DA:64,0
DA:68,0
DA:69,0
DA:72,0
DA:76,0
DA:78,0
DA:79,0
DA:86,0
DA:87,0
DA:91,0
DA:98,0
DA:99,0
LF:29
LH:0
BRDA:16,0,0,0
BRDA:16,0,1,0
BRDA:26,1,0,0
BRDA:26,2,0,0
BRDA:56,3,0,0
BRDA:56,3,1,0
BRDA:68,4,0,0
BRDA:68,4,1,0
BRDA:78,5,0,0
BRDA:78,5,1,0
BRDA:86,6,0,0
BRDA:86,6,1,0
BRF:12
BRH:0
end_of_record
TN:
SF:src\modules\organizations\dto\create-organization.dto.ts
FN:5,(anonymous_1)
FN:5,(anonymous_3)
FN:8,(anonymous_4)
FN:8,(anonymous_6)
FN:12,(anonymous_7)
FN:12,(anonymous_9)
FN:16,(anonymous_10)
FN:16,(anonymous_12)
FN:20,(anonymous_13)
FN:20,(anonymous_15)
FNF:10
FNH:0
FNDA:0,(anonymous_1)
FNDA:0,(anonymous_3)
FNDA:0,(anonymous_4)
FNDA:0,(anonymous_6)
FNDA:0,(anonymous_7)
FNDA:0,(anonymous_9)
FNDA:0,(anonymous_10)
FNDA:0,(anonymous_12)
FNDA:0,(anonymous_13)
FNDA:0,(anonymous_15)
DA:1,0
DA:3,0
DA:4,0
DA:5,0
DA:7,0
DA:8,0
DA:10,0
DA:12,0
DA:14,0
DA:16,0
DA:18,0
DA:20,0
LF:12
LH:0
BRF:0
BRH:0
end_of_record
TN:
SF:src\modules\organizations\dto\update-organization.dto.ts
FNF:0
FNH:0
DA:1,0
DA:2,0
DA:4,0
LF:3
LH:0
BRF:0
BRH:0
end_of_record
TN:
SF:src\modules\playlists\playlists.controller.ts
FN:22,(anonymous_1)
FN:30,(anonymous_3)
FN:38,(anonymous_5)
FN:46,(anonymous_7)
FN:55,(anonymous_9)
FN:65,(anonymous_11)
FN:74,(anonymous_13)
FN:19,(anonymous_15)
FNF:8
FNH:0
FNDA:0,(anonymous_1)
FNDA:0,(anonymous_3)
FNDA:0,(anonymous_5)
FNDA:0,(anonymous_7)
FNDA:0,(anonymous_9)
FNDA:0,(anonymous_11)
FNDA:0,(anonymous_13)
FNDA:0,(anonymous_15)
DA:1,0
DA:15,0
DA:17,0
DA:18,0
DA:19,0
DA:21,0
DA:22,0
DA:26,0
DA:29,0
DA:30,0
DA:34,0
DA:37,0
DA:38,0
DA:42,0
DA:45,0
DA:46,0
DA:51,0
DA:54,0
DA:55,0
DA:61,0
DA:64,0
DA:65,0
DA:70,0
DA:73,0
DA:74,0
DA:78,0
LF:26
LH:0
BRF:0
BRH:0
end_of_record
TN:
SF:src\modules\playlists\playlists.module.ts
FNF:0
FNH:0
DA:1,0
DA:2,0
DA:3,0
DA:5,0
DA:10,0
LF:5
LH:0
BRF:0
BRH:0
end_of_record
TN:
SF:src\modules\playlists\playlists.service.ts
FN:9,(anonymous_1)
FN:11,(anonymous_2)
FN:20,(anonymous_3)
FN:43,(anonymous_4)
FN:68,(anonymous_5)
FN:93,(anonymous_6)
FN:110,(anonymous_7)
FN:131,(anonymous_8)
FN:153,(anonymous_9)
FN:161,(anonymous_10)
FNF:10
FNH:0
FNDA:0,(anonymous_1)
FNDA:0,(anonymous_2)
FNDA:0,(anonymous_3)
FNDA:0,(anonymous_4)
FNDA:0,(anonymous_5)
FNDA:0,(anonymous_6)
FNDA:0,(anonymous_7)
FNDA:0,(anonymous_8)
FNDA:0,(anonymous_9)
FNDA:0,(anonymous_10)
DA:1,0
DA:5,0
DA:7,0
DA:8,0
DA:9,0
DA:12,0
DA:14,0
DA:20,0
DA:40,0
DA:44,0
DA:45,0
DA:47,0
DA:65,0
DA:69,0
DA:86,0
DA:87,0
DA:90,0
DA:94,0
DA:96,0
DA:98,0
DA:99,0
DA:104,0
DA:110,0
DA:132,0
DA:134,0
DA:140,0
DA:154,0
DA:156,0
DA:162,0
DA:163,0
LF:30
LH:0
BRDA:18,0,0,0
BRDA:18,0,1,0
BRDA:22,1,0,0
BRDA:22,1,1,0
BRDA:44,2,0,0
BRDA:44,3,0,0
BRDA:86,4,0,0
BRDA:86,4,1,0
BRDA:98,5,0,0
BRDA:98,5,1,0
BRDA:108,6,0,0
BRDA:108,6,1,0
BRDA:112,7,0,0
BRDA:112,7,1,0
BRDA:144,8,0,0
BRDA:144,8,1,0
BRF:16
BRH:0
end_of_record
TN:
SF:src\modules\playlists\dto\create-playlist.dto.ts
FN:6,(anonymous_1)
FN:6,(anonymous_3)
FN:9,(anonymous_4)
FN:9,(anonymous_6)
FN:12,(anonymous_7)
FN:12,(anonymous_9)
FN:30,(anonymous_12)
FN:17,(anonymous_13)
FN:17,(anonymous_15)
FN:21,(anonymous_16)
FN:21,(anonymous_18)
FN:25,(anonymous_19)
FN:25,(anonymous_21)
FN:31,(anonymous_22)
FN:31,(anonymous_24)
FNF:15
FNH:0
FNDA:0,(anonymous_1)
FNDA:0,(anonymous_3)
FNDA:0,(anonymous_4)
FNDA:0,(anonymous_6)
FNDA:0,(anonymous_7)
FNDA:0,(anonymous_9)
FNDA:0,(anonymous_12)
FNDA:0,(anonymous_13)
FNDA:0,(anonymous_15)
FNDA:0,(anonymous_16)
FNDA:0,(anonymous_18)
FNDA:0,(anonymous_19)
FNDA:0,(anonymous_21)
FNDA:0,(anonymous_22)
FNDA:0,(anonymous_24)
DA:1,0
DA:2,0
DA:4,0
DA:5,0
DA:6,0
DA:8,0
DA:9,0
DA:11,0
DA:12,0
DA:15,0
DA:16,0
DA:17,0
DA:19,0
DA:21,0
DA:23,0
DA:25,0
DA:27,0
DA:30,0
DA:31,0
LF:19
LH:0
BRF:0
BRH:0
end_of_record
TN:
SF:src\modules\playlists\dto\update-playlist.dto.ts
FNF:0
FNH:0
DA:1,0
DA:2,0
DA:4,0
LF:3
LH:0
BRF:0
BRH:0
end_of_record
TN:
SF:src\modules\schedules\schedules.controller.ts
FN:23,(anonymous_1)
FN:31,(anonymous_3)
FN:47,(anonymous_5)
FN:52,(anonymous_7)
FN:60,(anonymous_9)
FN:69,(anonymous_11)
FN:20,(anonymous_13)
FNF:7
FNH:0
FNDA:0,(anonymous_1)
FNDA:0,(anonymous_3)
FNDA:0,(anonymous_5)
FNDA:0,(anonymous_7)
FNDA:0,(anonymous_9)
FNDA:0,(anonymous_11)
FNDA:0,(anonymous_13)
DA:1,0
DA:15,0
DA:16,0
DA:18,0
DA:19,0
DA:20,0
DA:22,0
DA:23,0
DA:27,0
DA:30,0
DA:31,0
DA:38,0
DA:45,0
DA:47,0
DA:48,0
DA:51,0
DA:52,0
DA:56,0
DA:59,0
DA:60,0
DA:65,0
DA:68,0
DA:69,0
DA:73,0
LF:24
LH:0
BRDA:41,0,0,0
BRDA:41,0,1,0
BRDA:41,1,0,0
BRDA:41,1,1,0
BRF:4
BRH:0
end_of_record
TN:
SF:src\modules\schedules\schedules.module.ts
FNF:0
FNH:0
DA:1,0
DA:2,0
DA:3,0
DA:5,0
DA:10,0
LF:5
LH:0
BRF:0
BRH:0
end_of_record
TN:
SF:src\modules\schedules\schedules.service.ts
FN:9,(anonymous_1)
FN:11,(anonymous_2)
FN:35,(anonymous_3)
FN:72,(anonymous_4)
FN:108,(anonymous_5)
FN:156,(anonymous_6)
FN:178,(anonymous_7)
FNF:7
FNH:0
FNDA:0,(anonymous_1)
FNDA:0,(anonymous_2)
FNDA:0,(anonymous_3)
FNDA:0,(anonymous_4)
FNDA:0,(anonymous_5)
FNDA:0,(anonymous_6)
FNDA:0,(anonymous_7)
DA:1,0
DA:5,0
DA:7,0
DA:8,0
DA:9,0
DA:12,0
DA:13,0
DA:16,0
DA:17,0
DA:20,0
DA:40,0
DA:41,0
DA:43,0
DA:44,0
DA:45,0
DA:46,0
DA:48,0
DA:69,0
DA:73,0
DA:101,0
DA:102,0
DA:105,0
DA:109,0
DA:110,0
DA:111,0
DA:113,0
DA:157,0
DA:159,0
DA:160,0
DA:163,0
DA:179,0
DA:180,0
LF:32
LH:0
BRDA:12,0,0,0
BRDA:12,0,1,0
BRDA:12,1,0,0
BRDA:12,1,1,0
BRDA:16,2,0,0
BRDA:16,2,1,0
BRDA:16,3,0,0
BRDA:16,3,1,0
BRDA:24,4,0,0
BRDA:24,4,1,0
BRDA:40,5,0,0
BRDA:40,6,0,0
BRDA:44,7,0,0
BRDA:44,7,1,0
BRDA:45,8,0,0
BRDA:45,8,1,0
BRDA:46,9,0,0
BRDA:46,9,1,0
BRDA:101,10,0,0
BRDA:101,10,1,0
BRDA:159,11,0,0
BRDA:159,11,1,0
BRDA:159,12,0,0
BRDA:159,12,1,0
BRDA:167,13,0,0
BRDA:167,13,1,0
BRDA:168,14,0,0
BRDA:168,14,1,0
BRF:28
BRH:0
end_of_record
TN:
SF:src\modules\schedules\dto\create-schedule.dto.ts
FN:14,(anonymous_1)
FN:14,(anonymous_3)
FN:18,(anonymous_4)
FN:18,(anonymous_6)
FN:21,(anonymous_7)
FN:21,(anonymous_9)
FN:25,(anonymous_10)
FN:25,(anonymous_12)
FN:29,(anonymous_13)
FN:29,(anonymous_15)
FN:33,(anonymous_16)
FN:33,(anonymous_18)
FN:39,(anonymous_19)
FN:39,(anonymous_21)
FN:43,(anonymous_22)
FN:43,(anonymous_24)
FN:47,(anonymous_25)
FN:47,(anonymous_27)
FN:50,(anonymous_28)
FN:50,(anonymous_30)
FN:54,(anonymous_31)
FN:54,(anonymous_33)
FN:58,(anonymous_34)
FN:58,(anonymous_36)
FNF:24
FNH:0
FNDA:0,(anonymous_1)
FNDA:0,(anonymous_3)
FNDA:0,(anonymous_4)
FNDA:0,(anonymous_6)
FNDA:0,(anonymous_7)
FNDA:0,(anonymous_9)
FNDA:0,(anonymous_10)
FNDA:0,(anonymous_12)
FNDA:0,(anonymous_13)
FNDA:0,(anonymous_15)
FNDA:0,(anonymous_16)
FNDA:0,(anonymous_18)
FNDA:0,(anonymous_19)
FNDA:0,(anonymous_21)
FNDA:0,(anonymous_22)
FNDA:0,(anonymous_24)
FNDA:0,(anonymous_25)
FNDA:0,(anonymous_27)
FNDA:0,(anonymous_28)
FNDA:0,(anonymous_30)
FNDA:0,(anonymous_31)
FNDA:0,(anonymous_33)
FNDA:0,(anonymous_34)
FNDA:0,(anonymous_36)
DA:1,0
DA:12,0
DA:13,0
DA:14,0
DA:16,0
DA:18,0
DA:20,0
DA:21,0
DA:23,0
DA:25,0
DA:27,0
DA:29,0
DA:31,0
DA:33,0
DA:35,0
DA:39,0
DA:41,0
DA:43,0
DA:45,0
DA:47,0
DA:49,0
DA:50,0
DA:52,0
DA:54,0
DA:56,0
DA:58,0
LF:26
LH:0
BRF:0
BRH:0
end_of_record
TN:
SF:src\modules\schedules\dto\update-schedule.dto.ts
FNF:0
FNH:0
DA:1,0
DA:2,0
DA:4,0
LF:3
LH:0
BRF:0
BRH:0
end_of_record
